[{"line":1,"elements":[{"start_timestamp":"2022-12-09T22:02:42.333Z","line":3,"name":"Kullanici dogru bilgilerle sayfaya girebilmeli","description":"","id":"us1114-quality-sign-up-pozitif-test;kullanici-dogru-bilgilerle-sayfaya-girebilmeli","type":"scenario","keyword":"Scenario","steps":[{"result":{"duration":14015743300,"status":"passed"},"line":5,"name":"Kullanici quality demy sayfasina gider","match":{"location":"stepdefinitions.QualityDemyStepDefinitions.kullanici_quality_demy_sayfasina_gider()"},"keyword":"Given "},{"result":{"duration":1325072500,"status":"passed"},"line":6,"name":"Kullanici Quality Signup linkine tiklar","match":{"location":"stepdefinitions.QualityDemyStepDefinitions.kullanici_quality_signup_linkine_tiklar()"},"keyword":"Then "},{"result":{"error_message":"java.lang.IllegalArgumentException: Keys to send should be a not null CharSequence\r\n\tat org.openqa.selenium.remote.RemoteWebElement.sendKeys(RemoteWebElement.java:98)\r\n\tat java.base/jdk.internal.reflect.NativeMethodAccessorImpl.invoke0(Native Method)\r\n\tat java.base/jdk.internal.reflect.NativeMethodAccessorImpl.invoke(NativeMethodAccessorImpl.java:62)\r\n\tat java.base/jdk.internal.reflect.DelegatingMethodAccessorImpl.invoke(DelegatingMethodAccessorImpl.java:43)\r\n\tat java.base/java.lang.reflect.Method.invoke(Method.java:566)\r\n\tat org.openqa.selenium.support.pagefactory.internal.LocatingElementHandler.invoke(LocatingElementHandler.java:52)\r\n\tat com.sun.proxy.$Proxy21.sendKeys(Unknown Source)\r\n\tat stepdefinitions.QualityDemyStepDefinitions.kullanici_e_ismini_yazar(QualityDemyStepDefinitions.java:52)\r\n\tat ✽.Kullanici \"firstName\" e ismini yazar(file:///C:/Users/Nuray/IdeaProjects/cc2test/src/test/resources/features/US1000_QualitySignUp.feature:7)\r\n","duration":23032400,"status":"failed"},"line":7,"name":"Kullanici \"firstName\" e ismini yazar","match":{"arguments":[{"val":"\"firstName\"","offset":10}],"location":"stepdefinitions.QualityDemyStepDefinitions.kullanici_e_ismini_yazar(java.lang.String)"},"keyword":"Then "},{"result":{"duration":997600,"status":"skipped"},"line":8,"name":"Kullanici \"lastName\" e soyadini yazar","match":{"arguments":[{"val":"\"lastName\"","offset":10}],"location":"stepdefinitions.QualityDemyStepDefinitions.kullanici_e_soyadini_yazar(java.lang.String)"},"keyword":"Then "},{"result":{"duration":22959900,"status":"skipped"},"line":9,"name":"E-mail bilgilerini girer","match":{},"keyword":"When "},{"result":{"status":"skipped"},"line":10,"name":"Password bilgilerini girer","match":{},"keyword":"When "},{"result":{"duration":1002800,"status":"skipped"},"line":11,"name":"Sayfayi kapatir","match":{"location":"stepdefinitions.QualityDemyStepDefinitions.sayfayi_kapatir()"},"keyword":"Then "}],"tags":[{"name":"@US1114"}]}],"name":"US1114 Quality Sign Up Pozitif Test","description":"","id":"us1114-quality-sign-up-pozitif-test","keyword":"Feature","uri":"file:src/test/resources/features/US1000_QualitySignUp.feature","tags":[]},{"line":1,"elements":[{"start_timestamp":"2022-12-09T22:02:57.878Z","line":16,"name":"Kullanici yanlis formatta bilgiler girdiginde uyelik hesabi olusturamamali","description":"","id":"us1114-signup-testi;kullanici-yanlis-formatta-bilgiler-girdiginde-uyelik-hesabi-olusturamamali;;2","type":"scenario","keyword":"Scenario Outline","steps":[{"result":{"duration":2948359000,"status":"passed"},"line":5,"name":"Kullanici \"myUrl\" sayfasina gider","match":{"arguments":[{"val":"\"myUrl\"","offset":10}],"location":"stepdefinitions.AutomationExerciseStepDefinitions.kullanici_sayfasina_gider(java.lang.String)"},"keyword":"Given "},{"result":{"error_message":"org.openqa.selenium.NoSuchWindowException: no such window: target window already closed\nfrom unknown error: web view not found\n  (Session info: chrome=108.0.5359.98)\nBuild info: version: '4.5.0', revision: 'fe167b119a'\nSystem info: os.name: 'Windows 10', os.arch: 'amd64', os.version: '10.0', java.version: '11.0.16.1'\nDriver info: org.openqa.selenium.chrome.ChromeDriver\nCommand: [88a8b82bae782a0330eb6a46eeba64b3, findElement {using=xpath, value=//a[@class='btn btn-sign-up']}]\nCapabilities {acceptInsecureCerts: false, browserName: chrome, browserVersion: 108.0.5359.98, chrome: {chromedriverVersion: 108.0.5359.71 (1e0e3868ee06..., userDataDir: C:\\Users\\Nuray\\AppData\\Loca...}, goog:chromeOptions: {debuggerAddress: localhost:56471}, networkConnectionEnabled: false, pageLoadStrategy: normal, platformName: WINDOWS, proxy: Proxy(), se:cdp: ws://localhost:56471/devtoo..., se:cdpVersion: 108.0.5359.98, setWindowRect: true, strictFileInteractability: false, timeouts: {implicit: 0, pageLoad: 300000, script: 30000}, unhandledPromptBehavior: dismiss and notify, webauthn:extension:credBlob: true, webauthn:extension:largeBlob: true, webauthn:virtualAuthenticators: true}\nSession ID: 88a8b82bae782a0330eb6a46eeba64b3\r\n\tat java.base/jdk.internal.reflect.NativeConstructorAccessorImpl.newInstance0(Native Method)\r\n\tat java.base/jdk.internal.reflect.NativeConstructorAccessorImpl.newInstance(NativeConstructorAccessorImpl.java:62)\r\n\tat java.base/jdk.internal.reflect.DelegatingConstructorAccessorImpl.newInstance(DelegatingConstructorAccessorImpl.java:45)\r\n\tat java.base/java.lang.reflect.Constructor.newInstance(Constructor.java:490)\r\n\tat org.openqa.selenium.remote.codec.w3c.W3CHttpResponseCodec.createException(W3CHttpResponseCodec.java:200)\r\n\tat org.openqa.selenium.remote.codec.w3c.W3CHttpResponseCodec.decode(W3CHttpResponseCodec.java:133)\r\n\tat org.openqa.selenium.remote.codec.w3c.W3CHttpResponseCodec.decode(W3CHttpResponseCodec.java:53)\r\n\tat org.openqa.selenium.remote.HttpCommandExecutor.execute(HttpCommandExecutor.java:184)\r\n\tat org.openqa.selenium.remote.service.DriverCommandExecutor.invokeExecute(DriverCommandExecutor.java:167)\r\n\tat org.openqa.selenium.remote.service.DriverCommandExecutor.execute(DriverCommandExecutor.java:142)\r\n\tat org.openqa.selenium.remote.RemoteWebDriver.execute(RemoteWebDriver.java:547)\r\n\tat org.openqa.selenium.remote.ElementLocation$ElementFinder$2.findElement(ElementLocation.java:162)\r\n\tat org.openqa.selenium.remote.ElementLocation.findElement(ElementLocation.java:60)\r\n\tat org.openqa.selenium.remote.RemoteWebDriver.findElement(RemoteWebDriver.java:365)\r\n\tat org.openqa.selenium.remote.RemoteWebDriver.findElement(RemoteWebDriver.java:357)\r\n\tat org.openqa.selenium.support.pagefactory.DefaultElementLocator.findElement(DefaultElementLocator.java:70)\r\n\tat org.openqa.selenium.support.pagefactory.internal.LocatingElementHandler.invoke(LocatingElementHandler.java:39)\r\n\tat com.sun.proxy.$Proxy21.click(Unknown Source)\r\n\tat stepdefinitions.QualityDemySignupStepDefinitions.kullanici_demy_sayfasinda_signup_linkine_tiklar(QualityDemySignupStepDefinitions.java:16)\r\n\tat ✽.Kullanici demy sayfasinda Signup linkine tiklar(file:///C:/Users/Nuray/IdeaProjects/cc2test/src/test/resources/features/US1114_QualityDemySignUp.feature:6)\r\n","duration":2631505900,"status":"failed"},"line":6,"name":"Kullanici demy sayfasinda Signup linkine tiklar","match":{"location":"stepdefinitions.QualityDemySignupStepDefinitions.kullanici_demy_sayfasinda_signup_linkine_tiklar()"},"keyword":"Then "},{"result":{"status":"skipped"},"line":7,"name":"Kullanici Firstname box a \"yanlisisim\" gonderir","match":{"arguments":[{"val":"\"yanlisisim\"","offset":26}],"location":"stepdefinitions.QualityDemySignupStepDefinitions.kullanici_firstname_box_a_gonderir(java.lang.String)"},"keyword":"Then "},{"result":{"status":"skipped"},"line":8,"name":"Kullanici Lastname box a \"dogrusoyisim\" gonderir","match":{"arguments":[{"val":"\"dogrusoyisim\"","offset":25}],"location":"stepdefinitions.QualityDemySignupStepDefinitions.kullanici_lastname_box_a_gonderir(java.lang.String)"},"keyword":"Then "},{"result":{"status":"skipped"},"line":9,"name":"Kullanici Email box a \"yanlismail\" gonderir","match":{"arguments":[{"val":"\"yanlismail\"","offset":22}],"location":"stepdefinitions.QualityDemySignupStepDefinitions.kullanici_email_box_a_gonderir(java.lang.String)"},"keyword":"Then "},{"result":{"duration":997900,"status":"skipped"},"line":10,"name":"Kullanici Password box a \"yanlispassword\" gonderir","match":{"arguments":[{"val":"\"yanlispassword\"","offset":25}],"location":"stepdefinitions.QualityDemySignupStepDefinitions.kullanici_password_box_a_gonderir(java.lang.String)"},"keyword":"Then "},{"result":{"status":"skipped"},"line":11,"name":"Kullanici demy sayfasinda Signup Butonuna tiklar","match":{"location":"stepdefinitions.QualityDemySignupStepDefinitions.kullanici_demy_sayfasinda_signup_butonuna_tiklar()"},"keyword":"Then "},{"result":{"status":"skipped"},"line":12,"name":"Kullanici uye hesabi olusturmadigini test eder","match":{"location":"stepdefinitions.QualityDemySignupStepDefinitions.kullanici_uye_hesabi_olusturmadigini_test_eder()"},"keyword":"Then "},{"result":{"duration":2996600,"status":"skipped"},"line":13,"name":"Sayfayi kapatir","match":{"location":"stepdefinitions.QualityDemyStepDefinitions.sayfayi_kapatir()"},"keyword":"And "}],"tags":[{"name":"@US1114"}]},{"start_timestamp":"2022-12-09T22:03:03.574Z","line":17,"name":"Kullanici yanlis formatta bilgiler girdiginde uyelik hesabi olusturamamali","description":"","id":"us1114-signup-testi;kullanici-yanlis-formatta-bilgiler-girdiginde-uyelik-hesabi-olusturamamali;;3","type":"scenario","keyword":"Scenario Outline","steps":[{"result":{"error_message":"io.cucumber.core.exception.CucumberException: Failed to instantiate class stepdefinitions.AutomationExerciseStepDefinitions\r\n\tat io.cucumber.core.backend.DefaultObjectFactory.cacheNewInstance(DefaultObjectFactory.java:67)\r\n\tat io.cucumber.core.backend.DefaultObjectFactory.getInstance(DefaultObjectFactory.java:45)\r\n\tat io.cucumber.java.AbstractGlueDefinition.invokeMethod(AbstractGlueDefinition.java:47)\r\n\tat io.cucumber.java.JavaStepDefinition.execute(JavaStepDefinition.java:29)\r\n\tat io.cucumber.core.runner.CoreStepDefinition.execute(CoreStepDefinition.java:66)\r\n\tat io.cucumber.core.runner.PickleStepDefinitionMatch.runStep(PickleStepDefinitionMatch.java:63)\r\n\tat io.cucumber.core.runner.ExecutionMode$1.execute(ExecutionMode.java:10)\r\n\tat io.cucumber.core.runner.TestStep.executeStep(TestStep.java:85)\r\n\tat io.cucumber.core.runner.TestStep.run(TestStep.java:57)\r\n\tat io.cucumber.core.runner.PickleStepTestStep.run(PickleStepTestStep.java:51)\r\n\tat io.cucumber.core.runner.TestCase.run(TestCase.java:84)\r\n\tat io.cucumber.core.runner.Runner.runPickle(Runner.java:75)\r\n\tat io.cucumber.junit.PickleRunners$NoStepDescriptions.lambda$run$0(PickleRunners.java:151)\r\n\tat io.cucumber.core.runtime.CucumberExecutionContext.lambda$runTestCase$5(CucumberExecutionContext.java:129)\r\n\tat io.cucumber.core.runtime.RethrowingThrowableCollector.executeAndThrow(RethrowingThrowableCollector.java:23)\r\n\tat io.cucumber.core.runtime.CucumberExecutionContext.runTestCase(CucumberExecutionContext.java:129)\r\n\tat io.cucumber.junit.PickleRunners$NoStepDescriptions.run(PickleRunners.java:148)\r\n\tat io.cucumber.junit.FeatureRunner.runChild(FeatureRunner.java:144)\r\n\tat io.cucumber.junit.FeatureRunner.runChild(FeatureRunner.java:28)\r\n\tat org.junit.runners.ParentRunner$4.run(ParentRunner.java:331)\r\n\tat org.junit.runners.ParentRunner$1.schedule(ParentRunner.java:79)\r\n\tat org.junit.runners.ParentRunner.runChildren(ParentRunner.java:329)\r\n\tat org.junit.runners.ParentRunner.access$100(ParentRunner.java:66)\r\n\tat org.junit.runners.ParentRunner$2.evaluate(ParentRunner.java:293)\r\n\tat org.junit.runners.ParentRunner$3.evaluate(ParentRunner.java:306)\r\n\tat org.junit.runners.ParentRunner.run(ParentRunner.java:413)\r\n\tat io.cucumber.junit.FeatureRunner.run(FeatureRunner.java:137)\r\n\tat io.cucumber.junit.Cucumber.runChild(Cucumber.java:196)\r\n\tat io.cucumber.junit.Cucumber.runChild(Cucumber.java:89)\r\n\tat org.junit.runners.ParentRunner$4.run(ParentRunner.java:331)\r\n\tat org.junit.runners.ParentRunner$1.schedule(ParentRunner.java:79)\r\n\tat org.junit.runners.ParentRunner.runChildren(ParentRunner.java:329)\r\n\tat org.junit.runners.ParentRunner.access$100(ParentRunner.java:66)\r\n\tat org.junit.runners.ParentRunner$2.evaluate(ParentRunner.java:293)\r\n\tat io.cucumber.junit.Cucumber$RunBeforeAllHooks.evaluate(Cucumber.java:266)\r\n\tat io.cucumber.junit.Cucumber$RunAfterAllHooks.evaluate(Cucumber.java:281)\r\n\tat io.cucumber.junit.Cucumber$StartTestRun.evaluate(Cucumber.java:233)\r\n\tat io.cucumber.junit.Cucumber$FinishTestRun.evaluate(Cucumber.java:248)\r\n\tat org.junit.runners.ParentRunner$3.evaluate(ParentRunner.java:306)\r\n\tat org.junit.runners.ParentRunner.run(ParentRunner.java:413)\r\n\tat org.junit.runner.JUnitCore.run(JUnitCore.java:137)\r\n\tat com.intellij.junit4.JUnit4IdeaTestRunner.startRunnerWithArgs(JUnit4IdeaTestRunner.java:69)\r\n\tat com.intellij.rt.junit.IdeaTestRunner$Repeater$1.execute(IdeaTestRunner.java:38)\r\n\tat com.intellij.rt.execution.junit.TestsRepeater.repeat(TestsRepeater.java:11)\r\n\tat com.intellij.rt.junit.IdeaTestRunner$Repeater.startRunnerWithArgs(IdeaTestRunner.java:35)\r\n\tat com.intellij.rt.junit.JUnitStarter.prepareStreamsAndStart(JUnitStarter.java:235)\r\n\tat com.intellij.rt.junit.JUnitStarter.main(JUnitStarter.java:54)\r\nCaused by: java.lang.reflect.InvocationTargetException\r\n\tat java.base/jdk.internal.reflect.NativeConstructorAccessorImpl.newInstance0(Native Method)\r\n\tat java.base/jdk.internal.reflect.NativeConstructorAccessorImpl.newInstance(NativeConstructorAccessorImpl.java:62)\r\n\tat java.base/jdk.internal.reflect.DelegatingConstructorAccessorImpl.newInstance(DelegatingConstructorAccessorImpl.java:45)\r\n\tat java.base/java.lang.reflect.Constructor.newInstance(Constructor.java:490)\r\n\tat io.cucumber.core.backend.DefaultObjectFactory.cacheNewInstance(DefaultObjectFactory.java:53)\r\n\t... 46 more\r\nCaused by: org.openqa.selenium.NoSuchWindowException: no such window: target window already closed\nfrom unknown error: web view not found\n  (Session info: chrome=108.0.5359.98)\nBuild info: version: '4.5.0', revision: 'fe167b119a'\nSystem info: os.name: 'Windows 10', os.arch: 'amd64', os.version: '10.0', java.version: '11.0.16.1'\nDriver info: org.openqa.selenium.chrome.ChromeDriver\nCommand: [88a8b82bae782a0330eb6a46eeba64b3, maximizeCurrentWindow {}]\nCapabilities {acceptInsecureCerts: false, browserName: chrome, browserVersion: 108.0.5359.98, chrome: {chromedriverVersion: 108.0.5359.71 (1e0e3868ee06..., userDataDir: C:\\Users\\Nuray\\AppData\\Loca...}, goog:chromeOptions: {debuggerAddress: localhost:56471}, networkConnectionEnabled: false, pageLoadStrategy: normal, platformName: WINDOWS, proxy: Proxy(), se:cdp: ws://localhost:56471/devtoo..., se:cdpVersion: 108.0.5359.98, setWindowRect: true, strictFileInteractability: false, timeouts: {implicit: 0, pageLoad: 300000, script: 30000}, unhandledPromptBehavior: dismiss and notify, webauthn:extension:credBlob: true, webauthn:extension:largeBlob: true, webauthn:virtualAuthenticators: true}\nSession ID: 88a8b82bae782a0330eb6a46eeba64b3\r\n\tat java.base/jdk.internal.reflect.NativeConstructorAccessorImpl.newInstance0(Native Method)\r\n\tat java.base/jdk.internal.reflect.NativeConstructorAccessorImpl.newInstance(NativeConstructorAccessorImpl.java:62)\r\n\tat java.base/jdk.internal.reflect.DelegatingConstructorAccessorImpl.newInstance(DelegatingConstructorAccessorImpl.java:45)\r\n\tat java.base/java.lang.reflect.Constructor.newInstance(Constructor.java:490)\r\n\tat org.openqa.selenium.remote.codec.w3c.W3CHttpResponseCodec.createException(W3CHttpResponseCodec.java:200)\r\n\tat org.openqa.selenium.remote.codec.w3c.W3CHttpResponseCodec.decode(W3CHttpResponseCodec.java:133)\r\n\tat org.openqa.selenium.remote.codec.w3c.W3CHttpResponseCodec.decode(W3CHttpResponseCodec.java:53)\r\n\tat org.openqa.selenium.remote.HttpCommandExecutor.execute(HttpCommandExecutor.java:184)\r\n\tat org.openqa.selenium.remote.service.DriverCommandExecutor.invokeExecute(DriverCommandExecutor.java:167)\r\n\tat org.openqa.selenium.remote.service.DriverCommandExecutor.execute(DriverCommandExecutor.java:142)\r\n\tat org.openqa.selenium.remote.RemoteWebDriver.execute(RemoteWebDriver.java:547)\r\n\tat org.openqa.selenium.remote.RemoteWebDriver.execute(RemoteWebDriver.java:602)\r\n\tat org.openqa.selenium.remote.RemoteWebDriver.execute(RemoteWebDriver.java:606)\r\n\tat org.openqa.selenium.remote.RemoteWebDriver$RemoteWebDriverOptions$RemoteWindow.maximize(RemoteWebDriver.java:958)\r\n\tat utilities.Driver.getDriver(Driver.java:49)\r\n\tat pages.AutomationExercisePage.<init>(AutomationExercisePage.java:10)\r\n\tat stepdefinitions.AutomationExerciseStepDefinitions.<init>(AutomationExerciseStepDefinitions.java:12)\r\n\t... 51 more\r\n","duration":39892700,"status":"failed"},"line":5,"name":"Kullanici \"myUrl\" sayfasina gider","match":{"arguments":[{"val":"\"myUrl\"","offset":10}],"location":"stepdefinitions.AutomationExerciseStepDefinitions.kullanici_sayfasina_gider(java.lang.String)"},"keyword":"Given "},{"result":{"duration":996500,"status":"skipped"},"line":6,"name":"Kullanici demy sayfasinda Signup linkine tiklar","match":{"location":"stepdefinitions.QualityDemySignupStepDefinitions.kullanici_demy_sayfasinda_signup_linkine_tiklar()"},"keyword":"Then "},{"result":{"status":"skipped"},"line":7,"name":"Kullanici Firstname box a \"dogruisim\" gonderir","match":{"arguments":[{"val":"\"dogruisim\"","offset":26}],"location":"stepdefinitions.QualityDemySignupStepDefinitions.kullanici_firstname_box_a_gonderir(java.lang.String)"},"keyword":"Then "},{"result":{"status":"skipped"},"line":8,"name":"Kullanici Lastname box a \"yanlissoyisim\" gonderir","match":{"arguments":[{"val":"\"yanlissoyisim\"","offset":25}],"location":"stepdefinitions.QualityDemySignupStepDefinitions.kullanici_lastname_box_a_gonderir(java.lang.String)"},"keyword":"Then "},{"result":{"duration":999500,"status":"skipped"},"line":9,"name":"Kullanici Email box a \"yanlismail2\" gonderir","match":{"arguments":[{"val":"\"yanlismail2\"","offset":22}],"location":"stepdefinitions.QualityDemySignupStepDefinitions.kullanici_email_box_a_gonderir(java.lang.String)"},"keyword":"Then "},{"result":{"duration":1004800,"status":"skipped"},"line":10,"name":"Kullanici Password box a \"dogrusifre\" gonderir","match":{"arguments":[{"val":"\"dogrusifre\"","offset":25}],"location":"stepdefinitions.QualityDemySignupStepDefinitions.kullanici_password_box_a_gonderir(java.lang.String)"},"keyword":"Then "},{"result":{"status":"skipped"},"line":11,"name":"Kullanici demy sayfasinda Signup Butonuna tiklar","match":{"location":"stepdefinitions.QualityDemySignupStepDefinitions.kullanici_demy_sayfasinda_signup_butonuna_tiklar()"},"keyword":"Then "},{"result":{"status":"skipped"},"line":12,"name":"Kullanici uye hesabi olusturmadigini test eder","match":{"location":"stepdefinitions.QualityDemySignupStepDefinitions.kullanici_uye_hesabi_olusturmadigini_test_eder()"},"keyword":"Then "},{"result":{"status":"skipped"},"line":13,"name":"Sayfayi kapatir","match":{"location":"stepdefinitions.QualityDemyStepDefinitions.sayfayi_kapatir()"},"keyword":"And "}],"tags":[{"name":"@US1114"}]},{"start_timestamp":"2022-12-09T22:03:03.681Z","line":18,"name":"Kullanici yanlis formatta bilgiler girdiginde uyelik hesabi olusturamamali","description":"","id":"us1114-signup-testi;kullanici-yanlis-formatta-bilgiler-girdiginde-uyelik-hesabi-olusturamamali;;4","type":"scenario","keyword":"Scenario Outline","steps":[{"result":{"error_message":"io.cucumber.core.exception.CucumberException: Failed to instantiate class stepdefinitions.AutomationExerciseStepDefinitions\r\n\tat io.cucumber.core.backend.DefaultObjectFactory.cacheNewInstance(DefaultObjectFactory.java:67)\r\n\tat io.cucumber.core.backend.DefaultObjectFactory.getInstance(DefaultObjectFactory.java:45)\r\n\tat io.cucumber.java.AbstractGlueDefinition.invokeMethod(AbstractGlueDefinition.java:47)\r\n\tat io.cucumber.java.JavaStepDefinition.execute(JavaStepDefinition.java:29)\r\n\tat io.cucumber.core.runner.CoreStepDefinition.execute(CoreStepDefinition.java:66)\r\n\tat io.cucumber.core.runner.PickleStepDefinitionMatch.runStep(PickleStepDefinitionMatch.java:63)\r\n\tat io.cucumber.core.runner.ExecutionMode$1.execute(ExecutionMode.java:10)\r\n\tat io.cucumber.core.runner.TestStep.executeStep(TestStep.java:85)\r\n\tat io.cucumber.core.runner.TestStep.run(TestStep.java:57)\r\n\tat io.cucumber.core.runner.PickleStepTestStep.run(PickleStepTestStep.java:51)\r\n\tat io.cucumber.core.runner.TestCase.run(TestCase.java:84)\r\n\tat io.cucumber.core.runner.Runner.runPickle(Runner.java:75)\r\n\tat io.cucumber.junit.PickleRunners$NoStepDescriptions.lambda$run$0(PickleRunners.java:151)\r\n\tat io.cucumber.core.runtime.CucumberExecutionContext.lambda$runTestCase$5(CucumberExecutionContext.java:129)\r\n\tat io.cucumber.core.runtime.RethrowingThrowableCollector.executeAndThrow(RethrowingThrowableCollector.java:23)\r\n\tat io.cucumber.core.runtime.CucumberExecutionContext.runTestCase(CucumberExecutionContext.java:129)\r\n\tat io.cucumber.junit.PickleRunners$NoStepDescriptions.run(PickleRunners.java:148)\r\n\tat io.cucumber.junit.FeatureRunner.runChild(FeatureRunner.java:144)\r\n\tat io.cucumber.junit.FeatureRunner.runChild(FeatureRunner.java:28)\r\n\tat org.junit.runners.ParentRunner$4.run(ParentRunner.java:331)\r\n\tat org.junit.runners.ParentRunner$1.schedule(ParentRunner.java:79)\r\n\tat org.junit.runners.ParentRunner.runChildren(ParentRunner.java:329)\r\n\tat org.junit.runners.ParentRunner.access$100(ParentRunner.java:66)\r\n\tat org.junit.runners.ParentRunner$2.evaluate(ParentRunner.java:293)\r\n\tat org.junit.runners.ParentRunner$3.evaluate(ParentRunner.java:306)\r\n\tat org.junit.runners.ParentRunner.run(ParentRunner.java:413)\r\n\tat io.cucumber.junit.FeatureRunner.run(FeatureRunner.java:137)\r\n\tat io.cucumber.junit.Cucumber.runChild(Cucumber.java:196)\r\n\tat io.cucumber.junit.Cucumber.runChild(Cucumber.java:89)\r\n\tat org.junit.runners.ParentRunner$4.run(ParentRunner.java:331)\r\n\tat org.junit.runners.ParentRunner$1.schedule(ParentRunner.java:79)\r\n\tat org.junit.runners.ParentRunner.runChildren(ParentRunner.java:329)\r\n\tat org.junit.runners.ParentRunner.access$100(ParentRunner.java:66)\r\n\tat org.junit.runners.ParentRunner$2.evaluate(ParentRunner.java:293)\r\n\tat io.cucumber.junit.Cucumber$RunBeforeAllHooks.evaluate(Cucumber.java:266)\r\n\tat io.cucumber.junit.Cucumber$RunAfterAllHooks.evaluate(Cucumber.java:281)\r\n\tat io.cucumber.junit.Cucumber$StartTestRun.evaluate(Cucumber.java:233)\r\n\tat io.cucumber.junit.Cucumber$FinishTestRun.evaluate(Cucumber.java:248)\r\n\tat org.junit.runners.ParentRunner$3.evaluate(ParentRunner.java:306)\r\n\tat org.junit.runners.ParentRunner.run(ParentRunner.java:413)\r\n\tat org.junit.runner.JUnitCore.run(JUnitCore.java:137)\r\n\tat com.intellij.junit4.JUnit4IdeaTestRunner.startRunnerWithArgs(JUnit4IdeaTestRunner.java:69)\r\n\tat com.intellij.rt.junit.IdeaTestRunner$Repeater$1.execute(IdeaTestRunner.java:38)\r\n\tat com.intellij.rt.execution.junit.TestsRepeater.repeat(TestsRepeater.java:11)\r\n\tat com.intellij.rt.junit.IdeaTestRunner$Repeater.startRunnerWithArgs(IdeaTestRunner.java:35)\r\n\tat com.intellij.rt.junit.JUnitStarter.prepareStreamsAndStart(JUnitStarter.java:235)\r\n\tat com.intellij.rt.junit.JUnitStarter.main(JUnitStarter.java:54)\r\nCaused by: java.lang.reflect.InvocationTargetException\r\n\tat java.base/jdk.internal.reflect.NativeConstructorAccessorImpl.newInstance0(Native Method)\r\n\tat java.base/jdk.internal.reflect.NativeConstructorAccessorImpl.newInstance(NativeConstructorAccessorImpl.java:62)\r\n\tat java.base/jdk.internal.reflect.DelegatingConstructorAccessorImpl.newInstance(DelegatingConstructorAccessorImpl.java:45)\r\n\tat java.base/java.lang.reflect.Constructor.newInstance(Constructor.java:490)\r\n\tat io.cucumber.core.backend.DefaultObjectFactory.cacheNewInstance(DefaultObjectFactory.java:53)\r\n\t... 46 more\r\nCaused by: org.openqa.selenium.NoSuchWindowException: no such window: target window already closed\nfrom unknown error: web view not found\n  (Session info: chrome=108.0.5359.98)\nBuild info: version: '4.5.0', revision: 'fe167b119a'\nSystem info: os.name: 'Windows 10', os.arch: 'amd64', os.version: '10.0', java.version: '11.0.16.1'\nDriver info: org.openqa.selenium.chrome.ChromeDriver\nCommand: [88a8b82bae782a0330eb6a46eeba64b3, maximizeCurrentWindow {}]\nCapabilities {acceptInsecureCerts: false, browserName: chrome, browserVersion: 108.0.5359.98, chrome: {chromedriverVersion: 108.0.5359.71 (1e0e3868ee06..., userDataDir: C:\\Users\\Nuray\\AppData\\Loca...}, goog:chromeOptions: {debuggerAddress: localhost:56471}, networkConnectionEnabled: false, pageLoadStrategy: normal, platformName: WINDOWS, proxy: Proxy(), se:cdp: ws://localhost:56471/devtoo..., se:cdpVersion: 108.0.5359.98, setWindowRect: true, strictFileInteractability: false, timeouts: {implicit: 0, pageLoad: 300000, script: 30000}, unhandledPromptBehavior: dismiss and notify, webauthn:extension:credBlob: true, webauthn:extension:largeBlob: true, webauthn:virtualAuthenticators: true}\nSession ID: 88a8b82bae782a0330eb6a46eeba64b3\r\n\tat java.base/jdk.internal.reflect.NativeConstructorAccessorImpl.newInstance0(Native Method)\r\n\tat java.base/jdk.internal.reflect.NativeConstructorAccessorImpl.newInstance(NativeConstructorAccessorImpl.java:62)\r\n\tat java.base/jdk.internal.reflect.DelegatingConstructorAccessorImpl.newInstance(DelegatingConstructorAccessorImpl.java:45)\r\n\tat java.base/java.lang.reflect.Constructor.newInstance(Constructor.java:490)\r\n\tat org.openqa.selenium.remote.codec.w3c.W3CHttpResponseCodec.createException(W3CHttpResponseCodec.java:200)\r\n\tat org.openqa.selenium.remote.codec.w3c.W3CHttpResponseCodec.decode(W3CHttpResponseCodec.java:133)\r\n\tat org.openqa.selenium.remote.codec.w3c.W3CHttpResponseCodec.decode(W3CHttpResponseCodec.java:53)\r\n\tat org.openqa.selenium.remote.HttpCommandExecutor.execute(HttpCommandExecutor.java:184)\r\n\tat org.openqa.selenium.remote.service.DriverCommandExecutor.invokeExecute(DriverCommandExecutor.java:167)\r\n\tat org.openqa.selenium.remote.service.DriverCommandExecutor.execute(DriverCommandExecutor.java:142)\r\n\tat org.openqa.selenium.remote.RemoteWebDriver.execute(RemoteWebDriver.java:547)\r\n\tat org.openqa.selenium.remote.RemoteWebDriver.execute(RemoteWebDriver.java:602)\r\n\tat org.openqa.selenium.remote.RemoteWebDriver.execute(RemoteWebDriver.java:606)\r\n\tat org.openqa.selenium.remote.RemoteWebDriver$RemoteWebDriverOptions$RemoteWindow.maximize(RemoteWebDriver.java:958)\r\n\tat utilities.Driver.getDriver(Driver.java:49)\r\n\tat pages.AutomationExercisePage.<init>(AutomationExercisePage.java:10)\r\n\tat stepdefinitions.AutomationExerciseStepDefinitions.<init>(AutomationExerciseStepDefinitions.java:12)\r\n\t... 51 more\r\n","duration":67345100,"status":"failed"},"line":5,"name":"Kullanici \"myUrl\" sayfasina gider","match":{"arguments":[{"val":"\"myUrl\"","offset":10}],"location":"stepdefinitions.AutomationExerciseStepDefinitions.kullanici_sayfasina_gider(java.lang.String)"},"keyword":"Given "},{"result":{"status":"skipped"},"line":6,"name":"Kullanici demy sayfasinda Signup linkine tiklar","match":{"location":"stepdefinitions.QualityDemySignupStepDefinitions.kullanici_demy_sayfasinda_signup_linkine_tiklar()"},"keyword":"Then "},{"result":{"status":"skipped"},"line":7,"name":"Kullanici Firstname box a \"yanlisisim\" gonderir","match":{"arguments":[{"val":"\"yanlisisim\"","offset":26}],"location":"stepdefinitions.QualityDemySignupStepDefinitions.kullanici_firstname_box_a_gonderir(java.lang.String)"},"keyword":"Then "},{"result":{"status":"skipped"},"line":8,"name":"Kullanici Lastname box a \"dogrusoyisim\" gonderir","match":{"arguments":[{"val":"\"dogrusoyisim\"","offset":25}],"location":"stepdefinitions.QualityDemySignupStepDefinitions.kullanici_lastname_box_a_gonderir(java.lang.String)"},"keyword":"Then "},{"result":{"status":"skipped"},"line":9,"name":"Kullanici Email box a \"yanlismail3\" gonderir","match":{"arguments":[{"val":"\"yanlismail3\"","offset":22}],"location":"stepdefinitions.QualityDemySignupStepDefinitions.kullanici_email_box_a_gonderir(java.lang.String)"},"keyword":"Then "},{"result":{"status":"skipped"},"line":10,"name":"Kullanici Password box a \"yanlispassword\" gonderir","match":{"arguments":[{"val":"\"yanlispassword\"","offset":25}],"location":"stepdefinitions.QualityDemySignupStepDefinitions.kullanici_password_box_a_gonderir(java.lang.String)"},"keyword":"Then "},{"result":{"duration":996300,"status":"skipped"},"line":11,"name":"Kullanici demy sayfasinda Signup Butonuna tiklar","match":{"location":"stepdefinitions.QualityDemySignupStepDefinitions.kullanici_demy_sayfasinda_signup_butonuna_tiklar()"},"keyword":"Then "},{"result":{"duration":997500,"status":"skipped"},"line":12,"name":"Kullanici uye hesabi olusturmadigini test eder","match":{"location":"stepdefinitions.QualityDemySignupStepDefinitions.kullanici_uye_hesabi_olusturmadigini_test_eder()"},"keyword":"Then "},{"result":{"status":"skipped"},"line":13,"name":"Sayfayi kapatir","match":{"location":"stepdefinitions.QualityDemyStepDefinitions.sayfayi_kapatir()"},"keyword":"And "}],"tags":[{"name":"@US1114"}]},{"start_timestamp":"2022-12-09T22:03:03.823Z","line":19,"name":"Kullanici yanlis formatta bilgiler girdiginde uyelik hesabi olusturamamali","description":"","id":"us1114-signup-testi;kullanici-yanlis-formatta-bilgiler-girdiginde-uyelik-hesabi-olusturamamali;;5","type":"scenario","keyword":"Scenario Outline","steps":[{"result":{"error_message":"io.cucumber.core.exception.CucumberException: Failed to instantiate class stepdefinitions.AutomationExerciseStepDefinitions\r\n\tat io.cucumber.core.backend.DefaultObjectFactory.cacheNewInstance(DefaultObjectFactory.java:67)\r\n\tat io.cucumber.core.backend.DefaultObjectFactory.getInstance(DefaultObjectFactory.java:45)\r\n\tat io.cucumber.java.AbstractGlueDefinition.invokeMethod(AbstractGlueDefinition.java:47)\r\n\tat io.cucumber.java.JavaStepDefinition.execute(JavaStepDefinition.java:29)\r\n\tat io.cucumber.core.runner.CoreStepDefinition.execute(CoreStepDefinition.java:66)\r\n\tat io.cucumber.core.runner.PickleStepDefinitionMatch.runStep(PickleStepDefinitionMatch.java:63)\r\n\tat io.cucumber.core.runner.ExecutionMode$1.execute(ExecutionMode.java:10)\r\n\tat io.cucumber.core.runner.TestStep.executeStep(TestStep.java:85)\r\n\tat io.cucumber.core.runner.TestStep.run(TestStep.java:57)\r\n\tat io.cucumber.core.runner.PickleStepTestStep.run(PickleStepTestStep.java:51)\r\n\tat io.cucumber.core.runner.TestCase.run(TestCase.java:84)\r\n\tat io.cucumber.core.runner.Runner.runPickle(Runner.java:75)\r\n\tat io.cucumber.junit.PickleRunners$NoStepDescriptions.lambda$run$0(PickleRunners.java:151)\r\n\tat io.cucumber.core.runtime.CucumberExecutionContext.lambda$runTestCase$5(CucumberExecutionContext.java:129)\r\n\tat io.cucumber.core.runtime.RethrowingThrowableCollector.executeAndThrow(RethrowingThrowableCollector.java:23)\r\n\tat io.cucumber.core.runtime.CucumberExecutionContext.runTestCase(CucumberExecutionContext.java:129)\r\n\tat io.cucumber.junit.PickleRunners$NoStepDescriptions.run(PickleRunners.java:148)\r\n\tat io.cucumber.junit.FeatureRunner.runChild(FeatureRunner.java:144)\r\n\tat io.cucumber.junit.FeatureRunner.runChild(FeatureRunner.java:28)\r\n\tat org.junit.runners.ParentRunner$4.run(ParentRunner.java:331)\r\n\tat org.junit.runners.ParentRunner$1.schedule(ParentRunner.java:79)\r\n\tat org.junit.runners.ParentRunner.runChildren(ParentRunner.java:329)\r\n\tat org.junit.runners.ParentRunner.access$100(ParentRunner.java:66)\r\n\tat org.junit.runners.ParentRunner$2.evaluate(ParentRunner.java:293)\r\n\tat org.junit.runners.ParentRunner$3.evaluate(ParentRunner.java:306)\r\n\tat org.junit.runners.ParentRunner.run(ParentRunner.java:413)\r\n\tat io.cucumber.junit.FeatureRunner.run(FeatureRunner.java:137)\r\n\tat io.cucumber.junit.Cucumber.runChild(Cucumber.java:196)\r\n\tat io.cucumber.junit.Cucumber.runChild(Cucumber.java:89)\r\n\tat org.junit.runners.ParentRunner$4.run(ParentRunner.java:331)\r\n\tat org.junit.runners.ParentRunner$1.schedule(ParentRunner.java:79)\r\n\tat org.junit.runners.ParentRunner.runChildren(ParentRunner.java:329)\r\n\tat org.junit.runners.ParentRunner.access$100(ParentRunner.java:66)\r\n\tat org.junit.runners.ParentRunner$2.evaluate(ParentRunner.java:293)\r\n\tat io.cucumber.junit.Cucumber$RunBeforeAllHooks.evaluate(Cucumber.java:266)\r\n\tat io.cucumber.junit.Cucumber$RunAfterAllHooks.evaluate(Cucumber.java:281)\r\n\tat io.cucumber.junit.Cucumber$StartTestRun.evaluate(Cucumber.java:233)\r\n\tat io.cucumber.junit.Cucumber$FinishTestRun.evaluate(Cucumber.java:248)\r\n\tat org.junit.runners.ParentRunner$3.evaluate(ParentRunner.java:306)\r\n\tat org.junit.runners.ParentRunner.run(ParentRunner.java:413)\r\n\tat org.junit.runner.JUnitCore.run(JUnitCore.java:137)\r\n\tat com.intellij.junit4.JUnit4IdeaTestRunner.startRunnerWithArgs(JUnit4IdeaTestRunner.java:69)\r\n\tat com.intellij.rt.junit.IdeaTestRunner$Repeater$1.execute(IdeaTestRunner.java:38)\r\n\tat com.intellij.rt.execution.junit.TestsRepeater.repeat(TestsRepeater.java:11)\r\n\tat com.intellij.rt.junit.IdeaTestRunner$Repeater.startRunnerWithArgs(IdeaTestRunner.java:35)\r\n\tat com.intellij.rt.junit.JUnitStarter.prepareStreamsAndStart(JUnitStarter.java:235)\r\n\tat com.intellij.rt.junit.JUnitStarter.main(JUnitStarter.java:54)\r\nCaused by: java.lang.reflect.InvocationTargetException\r\n\tat java.base/jdk.internal.reflect.NativeConstructorAccessorImpl.newInstance0(Native Method)\r\n\tat java.base/jdk.internal.reflect.NativeConstructorAccessorImpl.newInstance(NativeConstructorAccessorImpl.java:62)\r\n\tat java.base/jdk.internal.reflect.DelegatingConstructorAccessorImpl.newInstance(DelegatingConstructorAccessorImpl.java:45)\r\n\tat java.base/java.lang.reflect.Constructor.newInstance(Constructor.java:490)\r\n\tat io.cucumber.core.backend.DefaultObjectFactory.cacheNewInstance(DefaultObjectFactory.java:53)\r\n\t... 46 more\r\nCaused by: org.openqa.selenium.NoSuchWindowException: no such window: target window already closed\nfrom unknown error: web view not found\n  (Session info: chrome=108.0.5359.98)\nBuild info: version: '4.5.0', revision: 'fe167b119a'\nSystem info: os.name: 'Windows 10', os.arch: 'amd64', os.version: '10.0', java.version: '11.0.16.1'\nDriver info: org.openqa.selenium.chrome.ChromeDriver\nCommand: [88a8b82bae782a0330eb6a46eeba64b3, maximizeCurrentWindow {}]\nCapabilities {acceptInsecureCerts: false, browserName: chrome, browserVersion: 108.0.5359.98, chrome: {chromedriverVersion: 108.0.5359.71 (1e0e3868ee06..., userDataDir: C:\\Users\\Nuray\\AppData\\Loca...}, goog:chromeOptions: {debuggerAddress: localhost:56471}, networkConnectionEnabled: false, pageLoadStrategy: normal, platformName: WINDOWS, proxy: Proxy(), se:cdp: ws://localhost:56471/devtoo..., se:cdpVersion: 108.0.5359.98, setWindowRect: true, strictFileInteractability: false, timeouts: {implicit: 0, pageLoad: 300000, script: 30000}, unhandledPromptBehavior: dismiss and notify, webauthn:extension:credBlob: true, webauthn:extension:largeBlob: true, webauthn:virtualAuthenticators: true}\nSession ID: 88a8b82bae782a0330eb6a46eeba64b3\r\n\tat java.base/jdk.internal.reflect.NativeConstructorAccessorImpl.newInstance0(Native Method)\r\n\tat java.base/jdk.internal.reflect.NativeConstructorAccessorImpl.newInstance(NativeConstructorAccessorImpl.java:62)\r\n\tat java.base/jdk.internal.reflect.DelegatingConstructorAccessorImpl.newInstance(DelegatingConstructorAccessorImpl.java:45)\r\n\tat java.base/java.lang.reflect.Constructor.newInstance(Constructor.java:490)\r\n\tat org.openqa.selenium.remote.codec.w3c.W3CHttpResponseCodec.createException(W3CHttpResponseCodec.java:200)\r\n\tat org.openqa.selenium.remote.codec.w3c.W3CHttpResponseCodec.decode(W3CHttpResponseCodec.java:133)\r\n\tat org.openqa.selenium.remote.codec.w3c.W3CHttpResponseCodec.decode(W3CHttpResponseCodec.java:53)\r\n\tat org.openqa.selenium.remote.HttpCommandExecutor.execute(HttpCommandExecutor.java:184)\r\n\tat org.openqa.selenium.remote.service.DriverCommandExecutor.invokeExecute(DriverCommandExecutor.java:167)\r\n\tat org.openqa.selenium.remote.service.DriverCommandExecutor.execute(DriverCommandExecutor.java:142)\r\n\tat org.openqa.selenium.remote.RemoteWebDriver.execute(RemoteWebDriver.java:547)\r\n\tat org.openqa.selenium.remote.RemoteWebDriver.execute(RemoteWebDriver.java:602)\r\n\tat org.openqa.selenium.remote.RemoteWebDriver.execute(RemoteWebDriver.java:606)\r\n\tat org.openqa.selenium.remote.RemoteWebDriver$RemoteWebDriverOptions$RemoteWindow.maximize(RemoteWebDriver.java:958)\r\n\tat utilities.Driver.getDriver(Driver.java:49)\r\n\tat pages.AutomationExercisePage.<init>(AutomationExercisePage.java:10)\r\n\tat stepdefinitions.AutomationExerciseStepDefinitions.<init>(AutomationExerciseStepDefinitions.java:12)\r\n\t... 51 more\r\n","duration":23934200,"status":"failed"},"line":5,"name":"Kullanici \"myUrl\" sayfasina gider","match":{"arguments":[{"val":"\"myUrl\"","offset":10}],"location":"stepdefinitions.AutomationExerciseStepDefinitions.kullanici_sayfasina_gider(java.lang.String)"},"keyword":"Given "},{"result":{"duration":2995500,"status":"skipped"},"line":6,"name":"Kullanici demy sayfasinda Signup linkine tiklar","match":{"location":"stepdefinitions.QualityDemySignupStepDefinitions.kullanici_demy_sayfasinda_signup_linkine_tiklar()"},"keyword":"Then "},{"result":{"duration":994400,"status":"skipped"},"line":7,"name":"Kullanici Firstname box a \"dogruisim\" gonderir","match":{"arguments":[{"val":"\"dogruisim\"","offset":26}],"location":"stepdefinitions.QualityDemySignupStepDefinitions.kullanici_firstname_box_a_gonderir(java.lang.String)"},"keyword":"Then "},{"result":{"status":"skipped"},"line":8,"name":"Kullanici Lastname box a \"yanlissoyisim\" gonderir","match":{"arguments":[{"val":"\"yanlissoyisim\"","offset":25}],"location":"stepdefinitions.QualityDemySignupStepDefinitions.kullanici_lastname_box_a_gonderir(java.lang.String)"},"keyword":"Then "},{"result":{"status":"skipped"},"line":9,"name":"Kullanici Email box a \"yanlismail4\" gonderir","match":{"arguments":[{"val":"\"yanlismail4\"","offset":22}],"location":"stepdefinitions.QualityDemySignupStepDefinitions.kullanici_email_box_a_gonderir(java.lang.String)"},"keyword":"Then "},{"result":{"status":"skipped"},"line":10,"name":"Kullanici Password box a \"dogrusifre\" gonderir","match":{"arguments":[{"val":"\"dogrusifre\"","offset":25}],"location":"stepdefinitions.QualityDemySignupStepDefinitions.kullanici_password_box_a_gonderir(java.lang.String)"},"keyword":"Then "},{"result":{"status":"skipped"},"line":11,"name":"Kullanici demy sayfasinda Signup Butonuna tiklar","match":{"location":"stepdefinitions.QualityDemySignupStepDefinitions.kullanici_demy_sayfasinda_signup_butonuna_tiklar()"},"keyword":"Then "},{"result":{"status":"skipped"},"line":12,"name":"Kullanici uye hesabi olusturmadigini test eder","match":{"location":"stepdefinitions.QualityDemySignupStepDefinitions.kullanici_uye_hesabi_olusturmadigini_test_eder()"},"keyword":"Then "},{"result":{"status":"skipped"},"line":13,"name":"Sayfayi kapatir","match":{"location":"stepdefinitions.QualityDemyStepDefinitions.sayfayi_kapatir()"},"keyword":"And "}],"tags":[{"name":"@US1114"}]},{"start_timestamp":"2022-12-09T22:03:03.902Z","line":20,"name":"Kullanici yanlis formatta bilgiler girdiginde uyelik hesabi olusturamamali","description":"","id":"us1114-signup-testi;kullanici-yanlis-formatta-bilgiler-girdiginde-uyelik-hesabi-olusturamamali;;6","type":"scenario","keyword":"Scenario Outline","steps":[{"result":{"error_message":"io.cucumber.core.exception.CucumberException: Failed to instantiate class stepdefinitions.AutomationExerciseStepDefinitions\r\n\tat io.cucumber.core.backend.DefaultObjectFactory.cacheNewInstance(DefaultObjectFactory.java:67)\r\n\tat io.cucumber.core.backend.DefaultObjectFactory.getInstance(DefaultObjectFactory.java:45)\r\n\tat io.cucumber.java.AbstractGlueDefinition.invokeMethod(AbstractGlueDefinition.java:47)\r\n\tat io.cucumber.java.JavaStepDefinition.execute(JavaStepDefinition.java:29)\r\n\tat io.cucumber.core.runner.CoreStepDefinition.execute(CoreStepDefinition.java:66)\r\n\tat io.cucumber.core.runner.PickleStepDefinitionMatch.runStep(PickleStepDefinitionMatch.java:63)\r\n\tat io.cucumber.core.runner.ExecutionMode$1.execute(ExecutionMode.java:10)\r\n\tat io.cucumber.core.runner.TestStep.executeStep(TestStep.java:85)\r\n\tat io.cucumber.core.runner.TestStep.run(TestStep.java:57)\r\n\tat io.cucumber.core.runner.PickleStepTestStep.run(PickleStepTestStep.java:51)\r\n\tat io.cucumber.core.runner.TestCase.run(TestCase.java:84)\r\n\tat io.cucumber.core.runner.Runner.runPickle(Runner.java:75)\r\n\tat io.cucumber.junit.PickleRunners$NoStepDescriptions.lambda$run$0(PickleRunners.java:151)\r\n\tat io.cucumber.core.runtime.CucumberExecutionContext.lambda$runTestCase$5(CucumberExecutionContext.java:129)\r\n\tat io.cucumber.core.runtime.RethrowingThrowableCollector.executeAndThrow(RethrowingThrowableCollector.java:23)\r\n\tat io.cucumber.core.runtime.CucumberExecutionContext.runTestCase(CucumberExecutionContext.java:129)\r\n\tat io.cucumber.junit.PickleRunners$NoStepDescriptions.run(PickleRunners.java:148)\r\n\tat io.cucumber.junit.FeatureRunner.runChild(FeatureRunner.java:144)\r\n\tat io.cucumber.junit.FeatureRunner.runChild(FeatureRunner.java:28)\r\n\tat org.junit.runners.ParentRunner$4.run(ParentRunner.java:331)\r\n\tat org.junit.runners.ParentRunner$1.schedule(ParentRunner.java:79)\r\n\tat org.junit.runners.ParentRunner.runChildren(ParentRunner.java:329)\r\n\tat org.junit.runners.ParentRunner.access$100(ParentRunner.java:66)\r\n\tat org.junit.runners.ParentRunner$2.evaluate(ParentRunner.java:293)\r\n\tat org.junit.runners.ParentRunner$3.evaluate(ParentRunner.java:306)\r\n\tat org.junit.runners.ParentRunner.run(ParentRunner.java:413)\r\n\tat io.cucumber.junit.FeatureRunner.run(FeatureRunner.java:137)\r\n\tat io.cucumber.junit.Cucumber.runChild(Cucumber.java:196)\r\n\tat io.cucumber.junit.Cucumber.runChild(Cucumber.java:89)\r\n\tat org.junit.runners.ParentRunner$4.run(ParentRunner.java:331)\r\n\tat org.junit.runners.ParentRunner$1.schedule(ParentRunner.java:79)\r\n\tat org.junit.runners.ParentRunner.runChildren(ParentRunner.java:329)\r\n\tat org.junit.runners.ParentRunner.access$100(ParentRunner.java:66)\r\n\tat org.junit.runners.ParentRunner$2.evaluate(ParentRunner.java:293)\r\n\tat io.cucumber.junit.Cucumber$RunBeforeAllHooks.evaluate(Cucumber.java:266)\r\n\tat io.cucumber.junit.Cucumber$RunAfterAllHooks.evaluate(Cucumber.java:281)\r\n\tat io.cucumber.junit.Cucumber$StartTestRun.evaluate(Cucumber.java:233)\r\n\tat io.cucumber.junit.Cucumber$FinishTestRun.evaluate(Cucumber.java:248)\r\n\tat org.junit.runners.ParentRunner$3.evaluate(ParentRunner.java:306)\r\n\tat org.junit.runners.ParentRunner.run(ParentRunner.java:413)\r\n\tat org.junit.runner.JUnitCore.run(JUnitCore.java:137)\r\n\tat com.intellij.junit4.JUnit4IdeaTestRunner.startRunnerWithArgs(JUnit4IdeaTestRunner.java:69)\r\n\tat com.intellij.rt.junit.IdeaTestRunner$Repeater$1.execute(IdeaTestRunner.java:38)\r\n\tat com.intellij.rt.execution.junit.TestsRepeater.repeat(TestsRepeater.java:11)\r\n\tat com.intellij.rt.junit.IdeaTestRunner$Repeater.startRunnerWithArgs(IdeaTestRunner.java:35)\r\n\tat com.intellij.rt.junit.JUnitStarter.prepareStreamsAndStart(JUnitStarter.java:235)\r\n\tat com.intellij.rt.junit.JUnitStarter.main(JUnitStarter.java:54)\r\nCaused by: java.lang.reflect.InvocationTargetException\r\n\tat java.base/jdk.internal.reflect.NativeConstructorAccessorImpl.newInstance0(Native Method)\r\n\tat java.base/jdk.internal.reflect.NativeConstructorAccessorImpl.newInstance(NativeConstructorAccessorImpl.java:62)\r\n\tat java.base/jdk.internal.reflect.DelegatingConstructorAccessorImpl.newInstance(DelegatingConstructorAccessorImpl.java:45)\r\n\tat java.base/java.lang.reflect.Constructor.newInstance(Constructor.java:490)\r\n\tat io.cucumber.core.backend.DefaultObjectFactory.cacheNewInstance(DefaultObjectFactory.java:53)\r\n\t... 46 more\r\nCaused by: org.openqa.selenium.NoSuchWindowException: no such window: target window already closed\nfrom unknown error: web view not found\n  (Session info: chrome=108.0.5359.98)\nBuild info: version: '4.5.0', revision: 'fe167b119a'\nSystem info: os.name: 'Windows 10', os.arch: 'amd64', os.version: '10.0', java.version: '11.0.16.1'\nDriver info: org.openqa.selenium.chrome.ChromeDriver\nCommand: [88a8b82bae782a0330eb6a46eeba64b3, maximizeCurrentWindow {}]\nCapabilities {acceptInsecureCerts: false, browserName: chrome, browserVersion: 108.0.5359.98, chrome: {chromedriverVersion: 108.0.5359.71 (1e0e3868ee06..., userDataDir: C:\\Users\\Nuray\\AppData\\Loca...}, goog:chromeOptions: {debuggerAddress: localhost:56471}, networkConnectionEnabled: false, pageLoadStrategy: normal, platformName: WINDOWS, proxy: Proxy(), se:cdp: ws://localhost:56471/devtoo..., se:cdpVersion: 108.0.5359.98, setWindowRect: true, strictFileInteractability: false, timeouts: {implicit: 0, pageLoad: 300000, script: 30000}, unhandledPromptBehavior: dismiss and notify, webauthn:extension:credBlob: true, webauthn:extension:largeBlob: true, webauthn:virtualAuthenticators: true}\nSession ID: 88a8b82bae782a0330eb6a46eeba64b3\r\n\tat java.base/jdk.internal.reflect.NativeConstructorAccessorImpl.newInstance0(Native Method)\r\n\tat java.base/jdk.internal.reflect.NativeConstructorAccessorImpl.newInstance(NativeConstructorAccessorImpl.java:62)\r\n\tat java.base/jdk.internal.reflect.DelegatingConstructorAccessorImpl.newInstance(DelegatingConstructorAccessorImpl.java:45)\r\n\tat java.base/java.lang.reflect.Constructor.newInstance(Constructor.java:490)\r\n\tat org.openqa.selenium.remote.codec.w3c.W3CHttpResponseCodec.createException(W3CHttpResponseCodec.java:200)\r\n\tat org.openqa.selenium.remote.codec.w3c.W3CHttpResponseCodec.decode(W3CHttpResponseCodec.java:133)\r\n\tat org.openqa.selenium.remote.codec.w3c.W3CHttpResponseCodec.decode(W3CHttpResponseCodec.java:53)\r\n\tat org.openqa.selenium.remote.HttpCommandExecutor.execute(HttpCommandExecutor.java:184)\r\n\tat org.openqa.selenium.remote.service.DriverCommandExecutor.invokeExecute(DriverCommandExecutor.java:167)\r\n\tat org.openqa.selenium.remote.service.DriverCommandExecutor.execute(DriverCommandExecutor.java:142)\r\n\tat org.openqa.selenium.remote.RemoteWebDriver.execute(RemoteWebDriver.java:547)\r\n\tat org.openqa.selenium.remote.RemoteWebDriver.execute(RemoteWebDriver.java:602)\r\n\tat org.openqa.selenium.remote.RemoteWebDriver.execute(RemoteWebDriver.java:606)\r\n\tat org.openqa.selenium.remote.RemoteWebDriver$RemoteWebDriverOptions$RemoteWindow.maximize(RemoteWebDriver.java:958)\r\n\tat utilities.Driver.getDriver(Driver.java:49)\r\n\tat pages.AutomationExercisePage.<init>(AutomationExercisePage.java:10)\r\n\tat stepdefinitions.AutomationExerciseStepDefinitions.<init>(AutomationExerciseStepDefinitions.java:12)\r\n\t... 51 more\r\n","duration":15957700,"status":"failed"},"line":5,"name":"Kullanici \"myUrl\" sayfasina gider","match":{"arguments":[{"val":"\"myUrl\"","offset":10}],"location":"stepdefinitions.AutomationExerciseStepDefinitions.kullanici_sayfasina_gider(java.lang.String)"},"keyword":"Given "},{"result":{"duration":998400,"status":"skipped"},"line":6,"name":"Kullanici demy sayfasinda Signup linkine tiklar","match":{"location":"stepdefinitions.QualityDemySignupStepDefinitions.kullanici_demy_sayfasinda_signup_linkine_tiklar()"},"keyword":"Then "},{"result":{"status":"skipped"},"line":7,"name":"Kullanici Firstname box a \"yanlisisim\" gonderir","match":{"arguments":[{"val":"\"yanlisisim\"","offset":26}],"location":"stepdefinitions.QualityDemySignupStepDefinitions.kullanici_firstname_box_a_gonderir(java.lang.String)"},"keyword":"Then "},{"result":{"status":"skipped"},"line":8,"name":"Kullanici Lastname box a \"yanlissoyisim\" gonderir","match":{"arguments":[{"val":"\"yanlissoyisim\"","offset":25}],"location":"stepdefinitions.QualityDemySignupStepDefinitions.kullanici_lastname_box_a_gonderir(java.lang.String)"},"keyword":"Then "},{"result":{"duration":997100,"status":"skipped"},"line":9,"name":"Kullanici Email box a \"yanlismail5\" gonderir","match":{"arguments":[{"val":"\"yanlismail5\"","offset":22}],"location":"stepdefinitions.QualityDemySignupStepDefinitions.kullanici_email_box_a_gonderir(java.lang.String)"},"keyword":"Then "},{"result":{"status":"skipped"},"line":10,"name":"Kullanici Password box a \"dogrusifre\" gonderir","match":{"arguments":[{"val":"\"dogrusifre\"","offset":25}],"location":"stepdefinitions.QualityDemySignupStepDefinitions.kullanici_password_box_a_gonderir(java.lang.String)"},"keyword":"Then "},{"result":{"status":"skipped"},"line":11,"name":"Kullanici demy sayfasinda Signup Butonuna tiklar","match":{"location":"stepdefinitions.QualityDemySignupStepDefinitions.kullanici_demy_sayfasinda_signup_butonuna_tiklar()"},"keyword":"Then "},{"result":{"status":"skipped"},"line":12,"name":"Kullanici uye hesabi olusturmadigini test eder","match":{"location":"stepdefinitions.QualityDemySignupStepDefinitions.kullanici_uye_hesabi_olusturmadigini_test_eder()"},"keyword":"Then "},{"result":{"status":"skipped"},"line":13,"name":"Sayfayi kapatir","match":{"location":"stepdefinitions.QualityDemyStepDefinitions.sayfayi_kapatir()"},"keyword":"And "}],"tags":[{"name":"@US1114"}]},{"start_timestamp":"2022-12-09T22:03:04.002Z","line":21,"name":"Kullanici yanlis formatta bilgiler girdiginde uyelik hesabi olusturamamali","description":"","id":"us1114-signup-testi;kullanici-yanlis-formatta-bilgiler-girdiginde-uyelik-hesabi-olusturamamali;;7","type":"scenario","keyword":"Scenario Outline","steps":[{"result":{"error_message":"io.cucumber.core.exception.CucumberException: Failed to instantiate class stepdefinitions.AutomationExerciseStepDefinitions\r\n\tat io.cucumber.core.backend.DefaultObjectFactory.cacheNewInstance(DefaultObjectFactory.java:67)\r\n\tat io.cucumber.core.backend.DefaultObjectFactory.getInstance(DefaultObjectFactory.java:45)\r\n\tat io.cucumber.java.AbstractGlueDefinition.invokeMethod(AbstractGlueDefinition.java:47)\r\n\tat io.cucumber.java.JavaStepDefinition.execute(JavaStepDefinition.java:29)\r\n\tat io.cucumber.core.runner.CoreStepDefinition.execute(CoreStepDefinition.java:66)\r\n\tat io.cucumber.core.runner.PickleStepDefinitionMatch.runStep(PickleStepDefinitionMatch.java:63)\r\n\tat io.cucumber.core.runner.ExecutionMode$1.execute(ExecutionMode.java:10)\r\n\tat io.cucumber.core.runner.TestStep.executeStep(TestStep.java:85)\r\n\tat io.cucumber.core.runner.TestStep.run(TestStep.java:57)\r\n\tat io.cucumber.core.runner.PickleStepTestStep.run(PickleStepTestStep.java:51)\r\n\tat io.cucumber.core.runner.TestCase.run(TestCase.java:84)\r\n\tat io.cucumber.core.runner.Runner.runPickle(Runner.java:75)\r\n\tat io.cucumber.junit.PickleRunners$NoStepDescriptions.lambda$run$0(PickleRunners.java:151)\r\n\tat io.cucumber.core.runtime.CucumberExecutionContext.lambda$runTestCase$5(CucumberExecutionContext.java:129)\r\n\tat io.cucumber.core.runtime.RethrowingThrowableCollector.executeAndThrow(RethrowingThrowableCollector.java:23)\r\n\tat io.cucumber.core.runtime.CucumberExecutionContext.runTestCase(CucumberExecutionContext.java:129)\r\n\tat io.cucumber.junit.PickleRunners$NoStepDescriptions.run(PickleRunners.java:148)\r\n\tat io.cucumber.junit.FeatureRunner.runChild(FeatureRunner.java:144)\r\n\tat io.cucumber.junit.FeatureRunner.runChild(FeatureRunner.java:28)\r\n\tat org.junit.runners.ParentRunner$4.run(ParentRunner.java:331)\r\n\tat org.junit.runners.ParentRunner$1.schedule(ParentRunner.java:79)\r\n\tat org.junit.runners.ParentRunner.runChildren(ParentRunner.java:329)\r\n\tat org.junit.runners.ParentRunner.access$100(ParentRunner.java:66)\r\n\tat org.junit.runners.ParentRunner$2.evaluate(ParentRunner.java:293)\r\n\tat org.junit.runners.ParentRunner$3.evaluate(ParentRunner.java:306)\r\n\tat org.junit.runners.ParentRunner.run(ParentRunner.java:413)\r\n\tat io.cucumber.junit.FeatureRunner.run(FeatureRunner.java:137)\r\n\tat io.cucumber.junit.Cucumber.runChild(Cucumber.java:196)\r\n\tat io.cucumber.junit.Cucumber.runChild(Cucumber.java:89)\r\n\tat org.junit.runners.ParentRunner$4.run(ParentRunner.java:331)\r\n\tat org.junit.runners.ParentRunner$1.schedule(ParentRunner.java:79)\r\n\tat org.junit.runners.ParentRunner.runChildren(ParentRunner.java:329)\r\n\tat org.junit.runners.ParentRunner.access$100(ParentRunner.java:66)\r\n\tat org.junit.runners.ParentRunner$2.evaluate(ParentRunner.java:293)\r\n\tat io.cucumber.junit.Cucumber$RunBeforeAllHooks.evaluate(Cucumber.java:266)\r\n\tat io.cucumber.junit.Cucumber$RunAfterAllHooks.evaluate(Cucumber.java:281)\r\n\tat io.cucumber.junit.Cucumber$StartTestRun.evaluate(Cucumber.java:233)\r\n\tat io.cucumber.junit.Cucumber$FinishTestRun.evaluate(Cucumber.java:248)\r\n\tat org.junit.runners.ParentRunner$3.evaluate(ParentRunner.java:306)\r\n\tat org.junit.runners.ParentRunner.run(ParentRunner.java:413)\r\n\tat org.junit.runner.JUnitCore.run(JUnitCore.java:137)\r\n\tat com.intellij.junit4.JUnit4IdeaTestRunner.startRunnerWithArgs(JUnit4IdeaTestRunner.java:69)\r\n\tat com.intellij.rt.junit.IdeaTestRunner$Repeater$1.execute(IdeaTestRunner.java:38)\r\n\tat com.intellij.rt.execution.junit.TestsRepeater.repeat(TestsRepeater.java:11)\r\n\tat com.intellij.rt.junit.IdeaTestRunner$Repeater.startRunnerWithArgs(IdeaTestRunner.java:35)\r\n\tat com.intellij.rt.junit.JUnitStarter.prepareStreamsAndStart(JUnitStarter.java:235)\r\n\tat com.intellij.rt.junit.JUnitStarter.main(JUnitStarter.java:54)\r\nCaused by: java.lang.reflect.InvocationTargetException\r\n\tat java.base/jdk.internal.reflect.NativeConstructorAccessorImpl.newInstance0(Native Method)\r\n\tat java.base/jdk.internal.reflect.NativeConstructorAccessorImpl.newInstance(NativeConstructorAccessorImpl.java:62)\r\n\tat java.base/jdk.internal.reflect.DelegatingConstructorAccessorImpl.newInstance(DelegatingConstructorAccessorImpl.java:45)\r\n\tat java.base/java.lang.reflect.Constructor.newInstance(Constructor.java:490)\r\n\tat io.cucumber.core.backend.DefaultObjectFactory.cacheNewInstance(DefaultObjectFactory.java:53)\r\n\t... 46 more\r\nCaused by: org.openqa.selenium.NoSuchWindowException: no such window: target window already closed\nfrom unknown error: web view not found\n  (Session info: chrome=108.0.5359.98)\nBuild info: version: '4.5.0', revision: 'fe167b119a'\nSystem info: os.name: 'Windows 10', os.arch: 'amd64', os.version: '10.0', java.version: '11.0.16.1'\nDriver info: org.openqa.selenium.chrome.ChromeDriver\nCommand: [88a8b82bae782a0330eb6a46eeba64b3, maximizeCurrentWindow {}]\nCapabilities {acceptInsecureCerts: false, browserName: chrome, browserVersion: 108.0.5359.98, chrome: {chromedriverVersion: 108.0.5359.71 (1e0e3868ee06..., userDataDir: C:\\Users\\Nuray\\AppData\\Loca...}, goog:chromeOptions: {debuggerAddress: localhost:56471}, networkConnectionEnabled: false, pageLoadStrategy: normal, platformName: WINDOWS, proxy: Proxy(), se:cdp: ws://localhost:56471/devtoo..., se:cdpVersion: 108.0.5359.98, setWindowRect: true, strictFileInteractability: false, timeouts: {implicit: 0, pageLoad: 300000, script: 30000}, unhandledPromptBehavior: dismiss and notify, webauthn:extension:credBlob: true, webauthn:extension:largeBlob: true, webauthn:virtualAuthenticators: true}\nSession ID: 88a8b82bae782a0330eb6a46eeba64b3\r\n\tat java.base/jdk.internal.reflect.NativeConstructorAccessorImpl.newInstance0(Native Method)\r\n\tat java.base/jdk.internal.reflect.NativeConstructorAccessorImpl.newInstance(NativeConstructorAccessorImpl.java:62)\r\n\tat java.base/jdk.internal.reflect.DelegatingConstructorAccessorImpl.newInstance(DelegatingConstructorAccessorImpl.java:45)\r\n\tat java.base/java.lang.reflect.Constructor.newInstance(Constructor.java:490)\r\n\tat org.openqa.selenium.remote.codec.w3c.W3CHttpResponseCodec.createException(W3CHttpResponseCodec.java:200)\r\n\tat org.openqa.selenium.remote.codec.w3c.W3CHttpResponseCodec.decode(W3CHttpResponseCodec.java:133)\r\n\tat org.openqa.selenium.remote.codec.w3c.W3CHttpResponseCodec.decode(W3CHttpResponseCodec.java:53)\r\n\tat org.openqa.selenium.remote.HttpCommandExecutor.execute(HttpCommandExecutor.java:184)\r\n\tat org.openqa.selenium.remote.service.DriverCommandExecutor.invokeExecute(DriverCommandExecutor.java:167)\r\n\tat org.openqa.selenium.remote.service.DriverCommandExecutor.execute(DriverCommandExecutor.java:142)\r\n\tat org.openqa.selenium.remote.RemoteWebDriver.execute(RemoteWebDriver.java:547)\r\n\tat org.openqa.selenium.remote.RemoteWebDriver.execute(RemoteWebDriver.java:602)\r\n\tat org.openqa.selenium.remote.RemoteWebDriver.execute(RemoteWebDriver.java:606)\r\n\tat org.openqa.selenium.remote.RemoteWebDriver$RemoteWebDriverOptions$RemoteWindow.maximize(RemoteWebDriver.java:958)\r\n\tat utilities.Driver.getDriver(Driver.java:49)\r\n\tat pages.AutomationExercisePage.<init>(AutomationExercisePage.java:10)\r\n\tat stepdefinitions.AutomationExerciseStepDefinitions.<init>(AutomationExerciseStepDefinitions.java:12)\r\n\t... 51 more\r\n","duration":42886000,"status":"failed"},"line":5,"name":"Kullanici \"myUrl\" sayfasina gider","match":{"arguments":[{"val":"\"myUrl\"","offset":10}],"location":"stepdefinitions.AutomationExerciseStepDefinitions.kullanici_sayfasina_gider(java.lang.String)"},"keyword":"Given "},{"result":{"duration":991300,"status":"skipped"},"line":6,"name":"Kullanici demy sayfasinda Signup linkine tiklar","match":{"location":"stepdefinitions.QualityDemySignupStepDefinitions.kullanici_demy_sayfasinda_signup_linkine_tiklar()"},"keyword":"Then "},{"result":{"status":"skipped"},"line":7,"name":"Kullanici Firstname box a \"yanlisisim\" gonderir","match":{"arguments":[{"val":"\"yanlisisim\"","offset":26}],"location":"stepdefinitions.QualityDemySignupStepDefinitions.kullanici_firstname_box_a_gonderir(java.lang.String)"},"keyword":"Then "},{"result":{"status":"skipped"},"line":8,"name":"Kullanici Lastname box a \"yanlissoyisim\" gonderir","match":{"arguments":[{"val":"\"yanlissoyisim\"","offset":25}],"location":"stepdefinitions.QualityDemySignupStepDefinitions.kullanici_lastname_box_a_gonderir(java.lang.String)"},"keyword":"Then "},{"result":{"status":"skipped"},"line":9,"name":"Kullanici Email box a \"yanlismail5\" gonderir","match":{"arguments":[{"val":"\"yanlismail5\"","offset":22}],"location":"stepdefinitions.QualityDemySignupStepDefinitions.kullanici_email_box_a_gonderir(java.lang.String)"},"keyword":"Then "},{"result":{"status":"skipped"},"line":10,"name":"Kullanici Password box a \"yanlispassword\" gonderir","match":{"arguments":[{"val":"\"yanlispassword\"","offset":25}],"location":"stepdefinitions.QualityDemySignupStepDefinitions.kullanici_password_box_a_gonderir(java.lang.String)"},"keyword":"Then "},{"result":{"status":"skipped"},"line":11,"name":"Kullanici demy sayfasinda Signup Butonuna tiklar","match":{"location":"stepdefinitions.QualityDemySignupStepDefinitions.kullanici_demy_sayfasinda_signup_butonuna_tiklar()"},"keyword":"Then "},{"result":{"status":"skipped"},"line":12,"name":"Kullanici uye hesabi olusturmadigini test eder","match":{"location":"stepdefinitions.QualityDemySignupStepDefinitions.kullanici_uye_hesabi_olusturmadigini_test_eder()"},"keyword":"Then "},{"result":{"status":"skipped"},"line":13,"name":"Sayfayi kapatir","match":{"location":"stepdefinitions.QualityDemyStepDefinitions.sayfayi_kapatir()"},"keyword":"And "}],"tags":[{"name":"@US1114"}]},{"start_timestamp":"2022-12-09T22:03:04.080Z","line":22,"name":"Kullanici yanlis formatta bilgiler girdiginde uyelik hesabi olusturamamali","description":"","id":"us1114-signup-testi;kullanici-yanlis-formatta-bilgiler-girdiginde-uyelik-hesabi-olusturamamali;;8","type":"scenario","keyword":"Scenario Outline","steps":[{"result":{"error_message":"io.cucumber.core.exception.CucumberException: Failed to instantiate class stepdefinitions.AutomationExerciseStepDefinitions\r\n\tat io.cucumber.core.backend.DefaultObjectFactory.cacheNewInstance(DefaultObjectFactory.java:67)\r\n\tat io.cucumber.core.backend.DefaultObjectFactory.getInstance(DefaultObjectFactory.java:45)\r\n\tat io.cucumber.java.AbstractGlueDefinition.invokeMethod(AbstractGlueDefinition.java:47)\r\n\tat io.cucumber.java.JavaStepDefinition.execute(JavaStepDefinition.java:29)\r\n\tat io.cucumber.core.runner.CoreStepDefinition.execute(CoreStepDefinition.java:66)\r\n\tat io.cucumber.core.runner.PickleStepDefinitionMatch.runStep(PickleStepDefinitionMatch.java:63)\r\n\tat io.cucumber.core.runner.ExecutionMode$1.execute(ExecutionMode.java:10)\r\n\tat io.cucumber.core.runner.TestStep.executeStep(TestStep.java:85)\r\n\tat io.cucumber.core.runner.TestStep.run(TestStep.java:57)\r\n\tat io.cucumber.core.runner.PickleStepTestStep.run(PickleStepTestStep.java:51)\r\n\tat io.cucumber.core.runner.TestCase.run(TestCase.java:84)\r\n\tat io.cucumber.core.runner.Runner.runPickle(Runner.java:75)\r\n\tat io.cucumber.junit.PickleRunners$NoStepDescriptions.lambda$run$0(PickleRunners.java:151)\r\n\tat io.cucumber.core.runtime.CucumberExecutionContext.lambda$runTestCase$5(CucumberExecutionContext.java:129)\r\n\tat io.cucumber.core.runtime.RethrowingThrowableCollector.executeAndThrow(RethrowingThrowableCollector.java:23)\r\n\tat io.cucumber.core.runtime.CucumberExecutionContext.runTestCase(CucumberExecutionContext.java:129)\r\n\tat io.cucumber.junit.PickleRunners$NoStepDescriptions.run(PickleRunners.java:148)\r\n\tat io.cucumber.junit.FeatureRunner.runChild(FeatureRunner.java:144)\r\n\tat io.cucumber.junit.FeatureRunner.runChild(FeatureRunner.java:28)\r\n\tat org.junit.runners.ParentRunner$4.run(ParentRunner.java:331)\r\n\tat org.junit.runners.ParentRunner$1.schedule(ParentRunner.java:79)\r\n\tat org.junit.runners.ParentRunner.runChildren(ParentRunner.java:329)\r\n\tat org.junit.runners.ParentRunner.access$100(ParentRunner.java:66)\r\n\tat org.junit.runners.ParentRunner$2.evaluate(ParentRunner.java:293)\r\n\tat org.junit.runners.ParentRunner$3.evaluate(ParentRunner.java:306)\r\n\tat org.junit.runners.ParentRunner.run(ParentRunner.java:413)\r\n\tat io.cucumber.junit.FeatureRunner.run(FeatureRunner.java:137)\r\n\tat io.cucumber.junit.Cucumber.runChild(Cucumber.java:196)\r\n\tat io.cucumber.junit.Cucumber.runChild(Cucumber.java:89)\r\n\tat org.junit.runners.ParentRunner$4.run(ParentRunner.java:331)\r\n\tat org.junit.runners.ParentRunner$1.schedule(ParentRunner.java:79)\r\n\tat org.junit.runners.ParentRunner.runChildren(ParentRunner.java:329)\r\n\tat org.junit.runners.ParentRunner.access$100(ParentRunner.java:66)\r\n\tat org.junit.runners.ParentRunner$2.evaluate(ParentRunner.java:293)\r\n\tat io.cucumber.junit.Cucumber$RunBeforeAllHooks.evaluate(Cucumber.java:266)\r\n\tat io.cucumber.junit.Cucumber$RunAfterAllHooks.evaluate(Cucumber.java:281)\r\n\tat io.cucumber.junit.Cucumber$StartTestRun.evaluate(Cucumber.java:233)\r\n\tat io.cucumber.junit.Cucumber$FinishTestRun.evaluate(Cucumber.java:248)\r\n\tat org.junit.runners.ParentRunner$3.evaluate(ParentRunner.java:306)\r\n\tat org.junit.runners.ParentRunner.run(ParentRunner.java:413)\r\n\tat org.junit.runner.JUnitCore.run(JUnitCore.java:137)\r\n\tat com.intellij.junit4.JUnit4IdeaTestRunner.startRunnerWithArgs(JUnit4IdeaTestRunner.java:69)\r\n\tat com.intellij.rt.junit.IdeaTestRunner$Repeater$1.execute(IdeaTestRunner.java:38)\r\n\tat com.intellij.rt.execution.junit.TestsRepeater.repeat(TestsRepeater.java:11)\r\n\tat com.intellij.rt.junit.IdeaTestRunner$Repeater.startRunnerWithArgs(IdeaTestRunner.java:35)\r\n\tat com.intellij.rt.junit.JUnitStarter.prepareStreamsAndStart(JUnitStarter.java:235)\r\n\tat com.intellij.rt.junit.JUnitStarter.main(JUnitStarter.java:54)\r\nCaused by: java.lang.reflect.InvocationTargetException\r\n\tat java.base/jdk.internal.reflect.NativeConstructorAccessorImpl.newInstance0(Native Method)\r\n\tat java.base/jdk.internal.reflect.NativeConstructorAccessorImpl.newInstance(NativeConstructorAccessorImpl.java:62)\r\n\tat java.base/jdk.internal.reflect.DelegatingConstructorAccessorImpl.newInstance(DelegatingConstructorAccessorImpl.java:45)\r\n\tat java.base/java.lang.reflect.Constructor.newInstance(Constructor.java:490)\r\n\tat io.cucumber.core.backend.DefaultObjectFactory.cacheNewInstance(DefaultObjectFactory.java:53)\r\n\t... 46 more\r\nCaused by: org.openqa.selenium.NoSuchWindowException: no such window: target window already closed\nfrom unknown error: web view not found\n  (Session info: chrome=108.0.5359.98)\nBuild info: version: '4.5.0', revision: 'fe167b119a'\nSystem info: os.name: 'Windows 10', os.arch: 'amd64', os.version: '10.0', java.version: '11.0.16.1'\nDriver info: org.openqa.selenium.chrome.ChromeDriver\nCommand: [88a8b82bae782a0330eb6a46eeba64b3, maximizeCurrentWindow {}]\nCapabilities {acceptInsecureCerts: false, browserName: chrome, browserVersion: 108.0.5359.98, chrome: {chromedriverVersion: 108.0.5359.71 (1e0e3868ee06..., userDataDir: C:\\Users\\Nuray\\AppData\\Loca...}, goog:chromeOptions: {debuggerAddress: localhost:56471}, networkConnectionEnabled: false, pageLoadStrategy: normal, platformName: WINDOWS, proxy: Proxy(), se:cdp: ws://localhost:56471/devtoo..., se:cdpVersion: 108.0.5359.98, setWindowRect: true, strictFileInteractability: false, timeouts: {implicit: 0, pageLoad: 300000, script: 30000}, unhandledPromptBehavior: dismiss and notify, webauthn:extension:credBlob: true, webauthn:extension:largeBlob: true, webauthn:virtualAuthenticators: true}\nSession ID: 88a8b82bae782a0330eb6a46eeba64b3\r\n\tat java.base/jdk.internal.reflect.NativeConstructorAccessorImpl.newInstance0(Native Method)\r\n\tat java.base/jdk.internal.reflect.NativeConstructorAccessorImpl.newInstance(NativeConstructorAccessorImpl.java:62)\r\n\tat java.base/jdk.internal.reflect.DelegatingConstructorAccessorImpl.newInstance(DelegatingConstructorAccessorImpl.java:45)\r\n\tat java.base/java.lang.reflect.Constructor.newInstance(Constructor.java:490)\r\n\tat org.openqa.selenium.remote.codec.w3c.W3CHttpResponseCodec.createException(W3CHttpResponseCodec.java:200)\r\n\tat org.openqa.selenium.remote.codec.w3c.W3CHttpResponseCodec.decode(W3CHttpResponseCodec.java:133)\r\n\tat org.openqa.selenium.remote.codec.w3c.W3CHttpResponseCodec.decode(W3CHttpResponseCodec.java:53)\r\n\tat org.openqa.selenium.remote.HttpCommandExecutor.execute(HttpCommandExecutor.java:184)\r\n\tat org.openqa.selenium.remote.service.DriverCommandExecutor.invokeExecute(DriverCommandExecutor.java:167)\r\n\tat org.openqa.selenium.remote.service.DriverCommandExecutor.execute(DriverCommandExecutor.java:142)\r\n\tat org.openqa.selenium.remote.RemoteWebDriver.execute(RemoteWebDriver.java:547)\r\n\tat org.openqa.selenium.remote.RemoteWebDriver.execute(RemoteWebDriver.java:602)\r\n\tat org.openqa.selenium.remote.RemoteWebDriver.execute(RemoteWebDriver.java:606)\r\n\tat org.openqa.selenium.remote.RemoteWebDriver$RemoteWebDriverOptions$RemoteWindow.maximize(RemoteWebDriver.java:958)\r\n\tat utilities.Driver.getDriver(Driver.java:49)\r\n\tat pages.AutomationExercisePage.<init>(AutomationExercisePage.java:10)\r\n\tat stepdefinitions.AutomationExerciseStepDefinitions.<init>(AutomationExerciseStepDefinitions.java:12)\r\n\t... 51 more\r\n","duration":14498700,"status":"failed"},"line":5,"name":"Kullanici \"myUrl\" sayfasina gider","match":{"arguments":[{"val":"\"myUrl\"","offset":10}],"location":"stepdefinitions.AutomationExerciseStepDefinitions.kullanici_sayfasina_gider(java.lang.String)"},"keyword":"Given "},{"result":{"duration":997700,"status":"skipped"},"line":6,"name":"Kullanici demy sayfasinda Signup linkine tiklar","match":{"location":"stepdefinitions.QualityDemySignupStepDefinitions.kullanici_demy_sayfasinda_signup_linkine_tiklar()"},"keyword":"Then "},{"result":{"status":"skipped"},"line":7,"name":"Kullanici Firstname box a \"yanlisisim\" gonderir","match":{"arguments":[{"val":"\"yanlisisim\"","offset":26}],"location":"stepdefinitions.QualityDemySignupStepDefinitions.kullanici_firstname_box_a_gonderir(java.lang.String)"},"keyword":"Then "},{"result":{"status":"skipped"},"line":8,"name":"Kullanici Lastname box a \"yanlissoyisim\" gonderir","match":{"arguments":[{"val":"\"yanlissoyisim\"","offset":25}],"location":"stepdefinitions.QualityDemySignupStepDefinitions.kullanici_lastname_box_a_gonderir(java.lang.String)"},"keyword":"Then "},{"result":{"status":"skipped"},"line":9,"name":"Kullanici Email box a \"yanlismail5\" gonderir","match":{"arguments":[{"val":"\"yanlismail5\"","offset":22}],"location":"stepdefinitions.QualityDemySignupStepDefinitions.kullanici_email_box_a_gonderir(java.lang.String)"},"keyword":"Then "},{"result":{"status":"skipped"},"line":10,"name":"Kullanici Password box a \"yanlispassword2\" gonderir","match":{"arguments":[{"val":"\"yanlispassword2\"","offset":25}],"location":"stepdefinitions.QualityDemySignupStepDefinitions.kullanici_password_box_a_gonderir(java.lang.String)"},"keyword":"Then "},{"result":{"status":"skipped"},"line":11,"name":"Kullanici demy sayfasinda Signup Butonuna tiklar","match":{"location":"stepdefinitions.QualityDemySignupStepDefinitions.kullanici_demy_sayfasinda_signup_butonuna_tiklar()"},"keyword":"Then "},{"result":{"status":"skipped"},"line":12,"name":"Kullanici uye hesabi olusturmadigini test eder","match":{"location":"stepdefinitions.QualityDemySignupStepDefinitions.kullanici_uye_hesabi_olusturmadigini_test_eder()"},"keyword":"Then "},{"result":{"status":"skipped"},"line":13,"name":"Sayfayi kapatir","match":{"location":"stepdefinitions.QualityDemyStepDefinitions.sayfayi_kapatir()"},"keyword":"And "}],"tags":[{"name":"@US1114"}]},{"start_timestamp":"2022-12-09T22:03:04.140Z","line":23,"name":"Kullanici yanlis formatta bilgiler girdiginde uyelik hesabi olusturamamali","description":"","id":"us1114-signup-testi;kullanici-yanlis-formatta-bilgiler-girdiginde-uyelik-hesabi-olusturamamali;;9","type":"scenario","keyword":"Scenario Outline","steps":[{"result":{"error_message":"io.cucumber.core.exception.CucumberException: Failed to instantiate class stepdefinitions.AutomationExerciseStepDefinitions\r\n\tat io.cucumber.core.backend.DefaultObjectFactory.cacheNewInstance(DefaultObjectFactory.java:67)\r\n\tat io.cucumber.core.backend.DefaultObjectFactory.getInstance(DefaultObjectFactory.java:45)\r\n\tat io.cucumber.java.AbstractGlueDefinition.invokeMethod(AbstractGlueDefinition.java:47)\r\n\tat io.cucumber.java.JavaStepDefinition.execute(JavaStepDefinition.java:29)\r\n\tat io.cucumber.core.runner.CoreStepDefinition.execute(CoreStepDefinition.java:66)\r\n\tat io.cucumber.core.runner.PickleStepDefinitionMatch.runStep(PickleStepDefinitionMatch.java:63)\r\n\tat io.cucumber.core.runner.ExecutionMode$1.execute(ExecutionMode.java:10)\r\n\tat io.cucumber.core.runner.TestStep.executeStep(TestStep.java:85)\r\n\tat io.cucumber.core.runner.TestStep.run(TestStep.java:57)\r\n\tat io.cucumber.core.runner.PickleStepTestStep.run(PickleStepTestStep.java:51)\r\n\tat io.cucumber.core.runner.TestCase.run(TestCase.java:84)\r\n\tat io.cucumber.core.runner.Runner.runPickle(Runner.java:75)\r\n\tat io.cucumber.junit.PickleRunners$NoStepDescriptions.lambda$run$0(PickleRunners.java:151)\r\n\tat io.cucumber.core.runtime.CucumberExecutionContext.lambda$runTestCase$5(CucumberExecutionContext.java:129)\r\n\tat io.cucumber.core.runtime.RethrowingThrowableCollector.executeAndThrow(RethrowingThrowableCollector.java:23)\r\n\tat io.cucumber.core.runtime.CucumberExecutionContext.runTestCase(CucumberExecutionContext.java:129)\r\n\tat io.cucumber.junit.PickleRunners$NoStepDescriptions.run(PickleRunners.java:148)\r\n\tat io.cucumber.junit.FeatureRunner.runChild(FeatureRunner.java:144)\r\n\tat io.cucumber.junit.FeatureRunner.runChild(FeatureRunner.java:28)\r\n\tat org.junit.runners.ParentRunner$4.run(ParentRunner.java:331)\r\n\tat org.junit.runners.ParentRunner$1.schedule(ParentRunner.java:79)\r\n\tat org.junit.runners.ParentRunner.runChildren(ParentRunner.java:329)\r\n\tat org.junit.runners.ParentRunner.access$100(ParentRunner.java:66)\r\n\tat org.junit.runners.ParentRunner$2.evaluate(ParentRunner.java:293)\r\n\tat org.junit.runners.ParentRunner$3.evaluate(ParentRunner.java:306)\r\n\tat org.junit.runners.ParentRunner.run(ParentRunner.java:413)\r\n\tat io.cucumber.junit.FeatureRunner.run(FeatureRunner.java:137)\r\n\tat io.cucumber.junit.Cucumber.runChild(Cucumber.java:196)\r\n\tat io.cucumber.junit.Cucumber.runChild(Cucumber.java:89)\r\n\tat org.junit.runners.ParentRunner$4.run(ParentRunner.java:331)\r\n\tat org.junit.runners.ParentRunner$1.schedule(ParentRunner.java:79)\r\n\tat org.junit.runners.ParentRunner.runChildren(ParentRunner.java:329)\r\n\tat org.junit.runners.ParentRunner.access$100(ParentRunner.java:66)\r\n\tat org.junit.runners.ParentRunner$2.evaluate(ParentRunner.java:293)\r\n\tat io.cucumber.junit.Cucumber$RunBeforeAllHooks.evaluate(Cucumber.java:266)\r\n\tat io.cucumber.junit.Cucumber$RunAfterAllHooks.evaluate(Cucumber.java:281)\r\n\tat io.cucumber.junit.Cucumber$StartTestRun.evaluate(Cucumber.java:233)\r\n\tat io.cucumber.junit.Cucumber$FinishTestRun.evaluate(Cucumber.java:248)\r\n\tat org.junit.runners.ParentRunner$3.evaluate(ParentRunner.java:306)\r\n\tat org.junit.runners.ParentRunner.run(ParentRunner.java:413)\r\n\tat org.junit.runner.JUnitCore.run(JUnitCore.java:137)\r\n\tat com.intellij.junit4.JUnit4IdeaTestRunner.startRunnerWithArgs(JUnit4IdeaTestRunner.java:69)\r\n\tat com.intellij.rt.junit.IdeaTestRunner$Repeater$1.execute(IdeaTestRunner.java:38)\r\n\tat com.intellij.rt.execution.junit.TestsRepeater.repeat(TestsRepeater.java:11)\r\n\tat com.intellij.rt.junit.IdeaTestRunner$Repeater.startRunnerWithArgs(IdeaTestRunner.java:35)\r\n\tat com.intellij.rt.junit.JUnitStarter.prepareStreamsAndStart(JUnitStarter.java:235)\r\n\tat com.intellij.rt.junit.JUnitStarter.main(JUnitStarter.java:54)\r\nCaused by: java.lang.reflect.InvocationTargetException\r\n\tat java.base/jdk.internal.reflect.NativeConstructorAccessorImpl.newInstance0(Native Method)\r\n\tat java.base/jdk.internal.reflect.NativeConstructorAccessorImpl.newInstance(NativeConstructorAccessorImpl.java:62)\r\n\tat java.base/jdk.internal.reflect.DelegatingConstructorAccessorImpl.newInstance(DelegatingConstructorAccessorImpl.java:45)\r\n\tat java.base/java.lang.reflect.Constructor.newInstance(Constructor.java:490)\r\n\tat io.cucumber.core.backend.DefaultObjectFactory.cacheNewInstance(DefaultObjectFactory.java:53)\r\n\t... 46 more\r\nCaused by: org.openqa.selenium.NoSuchWindowException: no such window: target window already closed\nfrom unknown error: web view not found\n  (Session info: chrome=108.0.5359.98)\nBuild info: version: '4.5.0', revision: 'fe167b119a'\nSystem info: os.name: 'Windows 10', os.arch: 'amd64', os.version: '10.0', java.version: '11.0.16.1'\nDriver info: org.openqa.selenium.chrome.ChromeDriver\nCommand: [88a8b82bae782a0330eb6a46eeba64b3, maximizeCurrentWindow {}]\nCapabilities {acceptInsecureCerts: false, browserName: chrome, browserVersion: 108.0.5359.98, chrome: {chromedriverVersion: 108.0.5359.71 (1e0e3868ee06..., userDataDir: C:\\Users\\Nuray\\AppData\\Loca...}, goog:chromeOptions: {debuggerAddress: localhost:56471}, networkConnectionEnabled: false, pageLoadStrategy: normal, platformName: WINDOWS, proxy: Proxy(), se:cdp: ws://localhost:56471/devtoo..., se:cdpVersion: 108.0.5359.98, setWindowRect: true, strictFileInteractability: false, timeouts: {implicit: 0, pageLoad: 300000, script: 30000}, unhandledPromptBehavior: dismiss and notify, webauthn:extension:credBlob: true, webauthn:extension:largeBlob: true, webauthn:virtualAuthenticators: true}\nSession ID: 88a8b82bae782a0330eb6a46eeba64b3\r\n\tat java.base/jdk.internal.reflect.NativeConstructorAccessorImpl.newInstance0(Native Method)\r\n\tat java.base/jdk.internal.reflect.NativeConstructorAccessorImpl.newInstance(NativeConstructorAccessorImpl.java:62)\r\n\tat java.base/jdk.internal.reflect.DelegatingConstructorAccessorImpl.newInstance(DelegatingConstructorAccessorImpl.java:45)\r\n\tat java.base/java.lang.reflect.Constructor.newInstance(Constructor.java:490)\r\n\tat org.openqa.selenium.remote.codec.w3c.W3CHttpResponseCodec.createException(W3CHttpResponseCodec.java:200)\r\n\tat org.openqa.selenium.remote.codec.w3c.W3CHttpResponseCodec.decode(W3CHttpResponseCodec.java:133)\r\n\tat org.openqa.selenium.remote.codec.w3c.W3CHttpResponseCodec.decode(W3CHttpResponseCodec.java:53)\r\n\tat org.openqa.selenium.remote.HttpCommandExecutor.execute(HttpCommandExecutor.java:184)\r\n\tat org.openqa.selenium.remote.service.DriverCommandExecutor.invokeExecute(DriverCommandExecutor.java:167)\r\n\tat org.openqa.selenium.remote.service.DriverCommandExecutor.execute(DriverCommandExecutor.java:142)\r\n\tat org.openqa.selenium.remote.RemoteWebDriver.execute(RemoteWebDriver.java:547)\r\n\tat org.openqa.selenium.remote.RemoteWebDriver.execute(RemoteWebDriver.java:602)\r\n\tat org.openqa.selenium.remote.RemoteWebDriver.execute(RemoteWebDriver.java:606)\r\n\tat org.openqa.selenium.remote.RemoteWebDriver$RemoteWebDriverOptions$RemoteWindow.maximize(RemoteWebDriver.java:958)\r\n\tat utilities.Driver.getDriver(Driver.java:49)\r\n\tat pages.AutomationExercisePage.<init>(AutomationExercisePage.java:10)\r\n\tat stepdefinitions.AutomationExerciseStepDefinitions.<init>(AutomationExerciseStepDefinitions.java:12)\r\n\t... 51 more\r\n","duration":19952800,"status":"failed"},"line":5,"name":"Kullanici \"myUrl\" sayfasina gider","match":{"arguments":[{"val":"\"myUrl\"","offset":10}],"location":"stepdefinitions.AutomationExerciseStepDefinitions.kullanici_sayfasina_gider(java.lang.String)"},"keyword":"Given "},{"result":{"status":"skipped"},"line":6,"name":"Kullanici demy sayfasinda Signup linkine tiklar","match":{"location":"stepdefinitions.QualityDemySignupStepDefinitions.kullanici_demy_sayfasinda_signup_linkine_tiklar()"},"keyword":"Then "},{"result":{"status":"skipped"},"line":7,"name":"Kullanici Firstname box a \"yanlisisim\" gonderir","match":{"arguments":[{"val":"\"yanlisisim\"","offset":26}],"location":"stepdefinitions.QualityDemySignupStepDefinitions.kullanici_firstname_box_a_gonderir(java.lang.String)"},"keyword":"Then "},{"result":{"status":"skipped"},"line":8,"name":"Kullanici Lastname box a \"yanlissoyisim\" gonderir","match":{"arguments":[{"val":"\"yanlissoyisim\"","offset":25}],"location":"stepdefinitions.QualityDemySignupStepDefinitions.kullanici_lastname_box_a_gonderir(java.lang.String)"},"keyword":"Then "},{"result":{"status":"skipped"},"line":9,"name":"Kullanici Email box a \"yanlismail5\" gonderir","match":{"arguments":[{"val":"\"yanlismail5\"","offset":22}],"location":"stepdefinitions.QualityDemySignupStepDefinitions.kullanici_email_box_a_gonderir(java.lang.String)"},"keyword":"Then "},{"result":{"duration":997400,"status":"skipped"},"line":10,"name":"Kullanici Password box a \"yanlispassword3\" gonderir","match":{"arguments":[{"val":"\"yanlispassword3\"","offset":25}],"location":"stepdefinitions.QualityDemySignupStepDefinitions.kullanici_password_box_a_gonderir(java.lang.String)"},"keyword":"Then "},{"result":{"status":"skipped"},"line":11,"name":"Kullanici demy sayfasinda Signup Butonuna tiklar","match":{"location":"stepdefinitions.QualityDemySignupStepDefinitions.kullanici_demy_sayfasinda_signup_butonuna_tiklar()"},"keyword":"Then "},{"result":{"status":"skipped"},"line":12,"name":"Kullanici uye hesabi olusturmadigini test eder","match":{"location":"stepdefinitions.QualityDemySignupStepDefinitions.kullanici_uye_hesabi_olusturmadigini_test_eder()"},"keyword":"Then "},{"result":{"status":"skipped"},"line":13,"name":"Sayfayi kapatir","match":{"location":"stepdefinitions.QualityDemyStepDefinitions.sayfayi_kapatir()"},"keyword":"And "}],"tags":[{"name":"@US1114"}]},{"start_timestamp":"2022-12-09T22:03:04.194Z","line":24,"name":"Kullanici yanlis formatta bilgiler girdiginde uyelik hesabi olusturamamali","description":"","id":"us1114-signup-testi;kullanici-yanlis-formatta-bilgiler-girdiginde-uyelik-hesabi-olusturamamali;;10","type":"scenario","keyword":"Scenario Outline","steps":[{"result":{"error_message":"io.cucumber.core.exception.CucumberException: Failed to instantiate class stepdefinitions.AutomationExerciseStepDefinitions\r\n\tat io.cucumber.core.backend.DefaultObjectFactory.cacheNewInstance(DefaultObjectFactory.java:67)\r\n\tat io.cucumber.core.backend.DefaultObjectFactory.getInstance(DefaultObjectFactory.java:45)\r\n\tat io.cucumber.java.AbstractGlueDefinition.invokeMethod(AbstractGlueDefinition.java:47)\r\n\tat io.cucumber.java.JavaStepDefinition.execute(JavaStepDefinition.java:29)\r\n\tat io.cucumber.core.runner.CoreStepDefinition.execute(CoreStepDefinition.java:66)\r\n\tat io.cucumber.core.runner.PickleStepDefinitionMatch.runStep(PickleStepDefinitionMatch.java:63)\r\n\tat io.cucumber.core.runner.ExecutionMode$1.execute(ExecutionMode.java:10)\r\n\tat io.cucumber.core.runner.TestStep.executeStep(TestStep.java:85)\r\n\tat io.cucumber.core.runner.TestStep.run(TestStep.java:57)\r\n\tat io.cucumber.core.runner.PickleStepTestStep.run(PickleStepTestStep.java:51)\r\n\tat io.cucumber.core.runner.TestCase.run(TestCase.java:84)\r\n\tat io.cucumber.core.runner.Runner.runPickle(Runner.java:75)\r\n\tat io.cucumber.junit.PickleRunners$NoStepDescriptions.lambda$run$0(PickleRunners.java:151)\r\n\tat io.cucumber.core.runtime.CucumberExecutionContext.lambda$runTestCase$5(CucumberExecutionContext.java:129)\r\n\tat io.cucumber.core.runtime.RethrowingThrowableCollector.executeAndThrow(RethrowingThrowableCollector.java:23)\r\n\tat io.cucumber.core.runtime.CucumberExecutionContext.runTestCase(CucumberExecutionContext.java:129)\r\n\tat io.cucumber.junit.PickleRunners$NoStepDescriptions.run(PickleRunners.java:148)\r\n\tat io.cucumber.junit.FeatureRunner.runChild(FeatureRunner.java:144)\r\n\tat io.cucumber.junit.FeatureRunner.runChild(FeatureRunner.java:28)\r\n\tat org.junit.runners.ParentRunner$4.run(ParentRunner.java:331)\r\n\tat org.junit.runners.ParentRunner$1.schedule(ParentRunner.java:79)\r\n\tat org.junit.runners.ParentRunner.runChildren(ParentRunner.java:329)\r\n\tat org.junit.runners.ParentRunner.access$100(ParentRunner.java:66)\r\n\tat org.junit.runners.ParentRunner$2.evaluate(ParentRunner.java:293)\r\n\tat org.junit.runners.ParentRunner$3.evaluate(ParentRunner.java:306)\r\n\tat org.junit.runners.ParentRunner.run(ParentRunner.java:413)\r\n\tat io.cucumber.junit.FeatureRunner.run(FeatureRunner.java:137)\r\n\tat io.cucumber.junit.Cucumber.runChild(Cucumber.java:196)\r\n\tat io.cucumber.junit.Cucumber.runChild(Cucumber.java:89)\r\n\tat org.junit.runners.ParentRunner$4.run(ParentRunner.java:331)\r\n\tat org.junit.runners.ParentRunner$1.schedule(ParentRunner.java:79)\r\n\tat org.junit.runners.ParentRunner.runChildren(ParentRunner.java:329)\r\n\tat org.junit.runners.ParentRunner.access$100(ParentRunner.java:66)\r\n\tat org.junit.runners.ParentRunner$2.evaluate(ParentRunner.java:293)\r\n\tat io.cucumber.junit.Cucumber$RunBeforeAllHooks.evaluate(Cucumber.java:266)\r\n\tat io.cucumber.junit.Cucumber$RunAfterAllHooks.evaluate(Cucumber.java:281)\r\n\tat io.cucumber.junit.Cucumber$StartTestRun.evaluate(Cucumber.java:233)\r\n\tat io.cucumber.junit.Cucumber$FinishTestRun.evaluate(Cucumber.java:248)\r\n\tat org.junit.runners.ParentRunner$3.evaluate(ParentRunner.java:306)\r\n\tat org.junit.runners.ParentRunner.run(ParentRunner.java:413)\r\n\tat org.junit.runner.JUnitCore.run(JUnitCore.java:137)\r\n\tat com.intellij.junit4.JUnit4IdeaTestRunner.startRunnerWithArgs(JUnit4IdeaTestRunner.java:69)\r\n\tat com.intellij.rt.junit.IdeaTestRunner$Repeater$1.execute(IdeaTestRunner.java:38)\r\n\tat com.intellij.rt.execution.junit.TestsRepeater.repeat(TestsRepeater.java:11)\r\n\tat com.intellij.rt.junit.IdeaTestRunner$Repeater.startRunnerWithArgs(IdeaTestRunner.java:35)\r\n\tat com.intellij.rt.junit.JUnitStarter.prepareStreamsAndStart(JUnitStarter.java:235)\r\n\tat com.intellij.rt.junit.JUnitStarter.main(JUnitStarter.java:54)\r\nCaused by: java.lang.reflect.InvocationTargetException\r\n\tat java.base/jdk.internal.reflect.NativeConstructorAccessorImpl.newInstance0(Native Method)\r\n\tat java.base/jdk.internal.reflect.NativeConstructorAccessorImpl.newInstance(NativeConstructorAccessorImpl.java:62)\r\n\tat java.base/jdk.internal.reflect.DelegatingConstructorAccessorImpl.newInstance(DelegatingConstructorAccessorImpl.java:45)\r\n\tat java.base/java.lang.reflect.Constructor.newInstance(Constructor.java:490)\r\n\tat io.cucumber.core.backend.DefaultObjectFactory.cacheNewInstance(DefaultObjectFactory.java:53)\r\n\t... 46 more\r\nCaused by: org.openqa.selenium.NoSuchWindowException: no such window: target window already closed\nfrom unknown error: web view not found\n  (Session info: chrome=108.0.5359.98)\nBuild info: version: '4.5.0', revision: 'fe167b119a'\nSystem info: os.name: 'Windows 10', os.arch: 'amd64', os.version: '10.0', java.version: '11.0.16.1'\nDriver info: org.openqa.selenium.chrome.ChromeDriver\nCommand: [88a8b82bae782a0330eb6a46eeba64b3, maximizeCurrentWindow {}]\nCapabilities {acceptInsecureCerts: false, browserName: chrome, browserVersion: 108.0.5359.98, chrome: {chromedriverVersion: 108.0.5359.71 (1e0e3868ee06..., userDataDir: C:\\Users\\Nuray\\AppData\\Loca...}, goog:chromeOptions: {debuggerAddress: localhost:56471}, networkConnectionEnabled: false, pageLoadStrategy: normal, platformName: WINDOWS, proxy: Proxy(), se:cdp: ws://localhost:56471/devtoo..., se:cdpVersion: 108.0.5359.98, setWindowRect: true, strictFileInteractability: false, timeouts: {implicit: 0, pageLoad: 300000, script: 30000}, unhandledPromptBehavior: dismiss and notify, webauthn:extension:credBlob: true, webauthn:extension:largeBlob: true, webauthn:virtualAuthenticators: true}\nSession ID: 88a8b82bae782a0330eb6a46eeba64b3\r\n\tat java.base/jdk.internal.reflect.NativeConstructorAccessorImpl.newInstance0(Native Method)\r\n\tat java.base/jdk.internal.reflect.NativeConstructorAccessorImpl.newInstance(NativeConstructorAccessorImpl.java:62)\r\n\tat java.base/jdk.internal.reflect.DelegatingConstructorAccessorImpl.newInstance(DelegatingConstructorAccessorImpl.java:45)\r\n\tat java.base/java.lang.reflect.Constructor.newInstance(Constructor.java:490)\r\n\tat org.openqa.selenium.remote.codec.w3c.W3CHttpResponseCodec.createException(W3CHttpResponseCodec.java:200)\r\n\tat org.openqa.selenium.remote.codec.w3c.W3CHttpResponseCodec.decode(W3CHttpResponseCodec.java:133)\r\n\tat org.openqa.selenium.remote.codec.w3c.W3CHttpResponseCodec.decode(W3CHttpResponseCodec.java:53)\r\n\tat org.openqa.selenium.remote.HttpCommandExecutor.execute(HttpCommandExecutor.java:184)\r\n\tat org.openqa.selenium.remote.service.DriverCommandExecutor.invokeExecute(DriverCommandExecutor.java:167)\r\n\tat org.openqa.selenium.remote.service.DriverCommandExecutor.execute(DriverCommandExecutor.java:142)\r\n\tat org.openqa.selenium.remote.RemoteWebDriver.execute(RemoteWebDriver.java:547)\r\n\tat org.openqa.selenium.remote.RemoteWebDriver.execute(RemoteWebDriver.java:602)\r\n\tat org.openqa.selenium.remote.RemoteWebDriver.execute(RemoteWebDriver.java:606)\r\n\tat org.openqa.selenium.remote.RemoteWebDriver$RemoteWebDriverOptions$RemoteWindow.maximize(RemoteWebDriver.java:958)\r\n\tat utilities.Driver.getDriver(Driver.java:49)\r\n\tat pages.AutomationExercisePage.<init>(AutomationExercisePage.java:10)\r\n\tat stepdefinitions.AutomationExerciseStepDefinitions.<init>(AutomationExerciseStepDefinitions.java:12)\r\n\t... 51 more\r\n","duration":25930800,"status":"failed"},"line":5,"name":"Kullanici \"myUrl\" sayfasina gider","match":{"arguments":[{"val":"\"myUrl\"","offset":10}],"location":"stepdefinitions.AutomationExerciseStepDefinitions.kullanici_sayfasina_gider(java.lang.String)"},"keyword":"Given "},{"result":{"status":"skipped"},"line":6,"name":"Kullanici demy sayfasinda Signup linkine tiklar","match":{"location":"stepdefinitions.QualityDemySignupStepDefinitions.kullanici_demy_sayfasinda_signup_linkine_tiklar()"},"keyword":"Then "},{"result":{"status":"skipped"},"line":7,"name":"Kullanici Firstname box a \"yanlisisim\" gonderir","match":{"arguments":[{"val":"\"yanlisisim\"","offset":26}],"location":"stepdefinitions.QualityDemySignupStepDefinitions.kullanici_firstname_box_a_gonderir(java.lang.String)"},"keyword":"Then "},{"result":{"status":"skipped"},"line":8,"name":"Kullanici Lastname box a \"yanlissoyisim\" gonderir","match":{"arguments":[{"val":"\"yanlissoyisim\"","offset":25}],"location":"stepdefinitions.QualityDemySignupStepDefinitions.kullanici_lastname_box_a_gonderir(java.lang.String)"},"keyword":"Then "},{"result":{"duration":996000,"status":"skipped"},"line":9,"name":"Kullanici Email box a \"yanlismail5\" gonderir","match":{"arguments":[{"val":"\"yanlismail5\"","offset":22}],"location":"stepdefinitions.QualityDemySignupStepDefinitions.kullanici_email_box_a_gonderir(java.lang.String)"},"keyword":"Then "},{"result":{"status":"skipped"},"line":10,"name":"Kullanici Password box a \"yanlispassword4\" gonderir","match":{"arguments":[{"val":"\"yanlispassword4\"","offset":25}],"location":"stepdefinitions.QualityDemySignupStepDefinitions.kullanici_password_box_a_gonderir(java.lang.String)"},"keyword":"Then "},{"result":{"status":"skipped"},"line":11,"name":"Kullanici demy sayfasinda Signup Butonuna tiklar","match":{"location":"stepdefinitions.QualityDemySignupStepDefinitions.kullanici_demy_sayfasinda_signup_butonuna_tiklar()"},"keyword":"Then "},{"result":{"status":"skipped"},"line":12,"name":"Kullanici uye hesabi olusturmadigini test eder","match":{"location":"stepdefinitions.QualityDemySignupStepDefinitions.kullanici_uye_hesabi_olusturmadigini_test_eder()"},"keyword":"Then "},{"result":{"status":"skipped"},"line":13,"name":"Sayfayi kapatir","match":{"location":"stepdefinitions.QualityDemyStepDefinitions.sayfayi_kapatir()"},"keyword":"And "}],"tags":[{"name":"@US1114"}]},{"start_timestamp":"2022-12-09T22:03:04.261Z","line":25,"name":"Kullanici yanlis formatta bilgiler girdiginde uyelik hesabi olusturamamali","description":"","id":"us1114-signup-testi;kullanici-yanlis-formatta-bilgiler-girdiginde-uyelik-hesabi-olusturamamali;;11","type":"scenario","keyword":"Scenario Outline","steps":[{"result":{"error_message":"io.cucumber.core.exception.CucumberException: Failed to instantiate class stepdefinitions.AutomationExerciseStepDefinitions\r\n\tat io.cucumber.core.backend.DefaultObjectFactory.cacheNewInstance(DefaultObjectFactory.java:67)\r\n\tat io.cucumber.core.backend.DefaultObjectFactory.getInstance(DefaultObjectFactory.java:45)\r\n\tat io.cucumber.java.AbstractGlueDefinition.invokeMethod(AbstractGlueDefinition.java:47)\r\n\tat io.cucumber.java.JavaStepDefinition.execute(JavaStepDefinition.java:29)\r\n\tat io.cucumber.core.runner.CoreStepDefinition.execute(CoreStepDefinition.java:66)\r\n\tat io.cucumber.core.runner.PickleStepDefinitionMatch.runStep(PickleStepDefinitionMatch.java:63)\r\n\tat io.cucumber.core.runner.ExecutionMode$1.execute(ExecutionMode.java:10)\r\n\tat io.cucumber.core.runner.TestStep.executeStep(TestStep.java:85)\r\n\tat io.cucumber.core.runner.TestStep.run(TestStep.java:57)\r\n\tat io.cucumber.core.runner.PickleStepTestStep.run(PickleStepTestStep.java:51)\r\n\tat io.cucumber.core.runner.TestCase.run(TestCase.java:84)\r\n\tat io.cucumber.core.runner.Runner.runPickle(Runner.java:75)\r\n\tat io.cucumber.junit.PickleRunners$NoStepDescriptions.lambda$run$0(PickleRunners.java:151)\r\n\tat io.cucumber.core.runtime.CucumberExecutionContext.lambda$runTestCase$5(CucumberExecutionContext.java:129)\r\n\tat io.cucumber.core.runtime.RethrowingThrowableCollector.executeAndThrow(RethrowingThrowableCollector.java:23)\r\n\tat io.cucumber.core.runtime.CucumberExecutionContext.runTestCase(CucumberExecutionContext.java:129)\r\n\tat io.cucumber.junit.PickleRunners$NoStepDescriptions.run(PickleRunners.java:148)\r\n\tat io.cucumber.junit.FeatureRunner.runChild(FeatureRunner.java:144)\r\n\tat io.cucumber.junit.FeatureRunner.runChild(FeatureRunner.java:28)\r\n\tat org.junit.runners.ParentRunner$4.run(ParentRunner.java:331)\r\n\tat org.junit.runners.ParentRunner$1.schedule(ParentRunner.java:79)\r\n\tat org.junit.runners.ParentRunner.runChildren(ParentRunner.java:329)\r\n\tat org.junit.runners.ParentRunner.access$100(ParentRunner.java:66)\r\n\tat org.junit.runners.ParentRunner$2.evaluate(ParentRunner.java:293)\r\n\tat org.junit.runners.ParentRunner$3.evaluate(ParentRunner.java:306)\r\n\tat org.junit.runners.ParentRunner.run(ParentRunner.java:413)\r\n\tat io.cucumber.junit.FeatureRunner.run(FeatureRunner.java:137)\r\n\tat io.cucumber.junit.Cucumber.runChild(Cucumber.java:196)\r\n\tat io.cucumber.junit.Cucumber.runChild(Cucumber.java:89)\r\n\tat org.junit.runners.ParentRunner$4.run(ParentRunner.java:331)\r\n\tat org.junit.runners.ParentRunner$1.schedule(ParentRunner.java:79)\r\n\tat org.junit.runners.ParentRunner.runChildren(ParentRunner.java:329)\r\n\tat org.junit.runners.ParentRunner.access$100(ParentRunner.java:66)\r\n\tat org.junit.runners.ParentRunner$2.evaluate(ParentRunner.java:293)\r\n\tat io.cucumber.junit.Cucumber$RunBeforeAllHooks.evaluate(Cucumber.java:266)\r\n\tat io.cucumber.junit.Cucumber$RunAfterAllHooks.evaluate(Cucumber.java:281)\r\n\tat io.cucumber.junit.Cucumber$StartTestRun.evaluate(Cucumber.java:233)\r\n\tat io.cucumber.junit.Cucumber$FinishTestRun.evaluate(Cucumber.java:248)\r\n\tat org.junit.runners.ParentRunner$3.evaluate(ParentRunner.java:306)\r\n\tat org.junit.runners.ParentRunner.run(ParentRunner.java:413)\r\n\tat org.junit.runner.JUnitCore.run(JUnitCore.java:137)\r\n\tat com.intellij.junit4.JUnit4IdeaTestRunner.startRunnerWithArgs(JUnit4IdeaTestRunner.java:69)\r\n\tat com.intellij.rt.junit.IdeaTestRunner$Repeater$1.execute(IdeaTestRunner.java:38)\r\n\tat com.intellij.rt.execution.junit.TestsRepeater.repeat(TestsRepeater.java:11)\r\n\tat com.intellij.rt.junit.IdeaTestRunner$Repeater.startRunnerWithArgs(IdeaTestRunner.java:35)\r\n\tat com.intellij.rt.junit.JUnitStarter.prepareStreamsAndStart(JUnitStarter.java:235)\r\n\tat com.intellij.rt.junit.JUnitStarter.main(JUnitStarter.java:54)\r\nCaused by: java.lang.reflect.InvocationTargetException\r\n\tat java.base/jdk.internal.reflect.NativeConstructorAccessorImpl.newInstance0(Native Method)\r\n\tat java.base/jdk.internal.reflect.NativeConstructorAccessorImpl.newInstance(NativeConstructorAccessorImpl.java:62)\r\n\tat java.base/jdk.internal.reflect.DelegatingConstructorAccessorImpl.newInstance(DelegatingConstructorAccessorImpl.java:45)\r\n\tat java.base/java.lang.reflect.Constructor.newInstance(Constructor.java:490)\r\n\tat io.cucumber.core.backend.DefaultObjectFactory.cacheNewInstance(DefaultObjectFactory.java:53)\r\n\t... 46 more\r\nCaused by: org.openqa.selenium.NoSuchWindowException: no such window: target window already closed\nfrom unknown error: web view not found\n  (Session info: chrome=108.0.5359.98)\nBuild info: version: '4.5.0', revision: 'fe167b119a'\nSystem info: os.name: 'Windows 10', os.arch: 'amd64', os.version: '10.0', java.version: '11.0.16.1'\nDriver info: org.openqa.selenium.chrome.ChromeDriver\nCommand: [88a8b82bae782a0330eb6a46eeba64b3, maximizeCurrentWindow {}]\nCapabilities {acceptInsecureCerts: false, browserName: chrome, browserVersion: 108.0.5359.98, chrome: {chromedriverVersion: 108.0.5359.71 (1e0e3868ee06..., userDataDir: C:\\Users\\Nuray\\AppData\\Loca...}, goog:chromeOptions: {debuggerAddress: localhost:56471}, networkConnectionEnabled: false, pageLoadStrategy: normal, platformName: WINDOWS, proxy: Proxy(), se:cdp: ws://localhost:56471/devtoo..., se:cdpVersion: 108.0.5359.98, setWindowRect: true, strictFileInteractability: false, timeouts: {implicit: 0, pageLoad: 300000, script: 30000}, unhandledPromptBehavior: dismiss and notify, webauthn:extension:credBlob: true, webauthn:extension:largeBlob: true, webauthn:virtualAuthenticators: true}\nSession ID: 88a8b82bae782a0330eb6a46eeba64b3\r\n\tat java.base/jdk.internal.reflect.NativeConstructorAccessorImpl.newInstance0(Native Method)\r\n\tat java.base/jdk.internal.reflect.NativeConstructorAccessorImpl.newInstance(NativeConstructorAccessorImpl.java:62)\r\n\tat java.base/jdk.internal.reflect.DelegatingConstructorAccessorImpl.newInstance(DelegatingConstructorAccessorImpl.java:45)\r\n\tat java.base/java.lang.reflect.Constructor.newInstance(Constructor.java:490)\r\n\tat org.openqa.selenium.remote.codec.w3c.W3CHttpResponseCodec.createException(W3CHttpResponseCodec.java:200)\r\n\tat org.openqa.selenium.remote.codec.w3c.W3CHttpResponseCodec.decode(W3CHttpResponseCodec.java:133)\r\n\tat org.openqa.selenium.remote.codec.w3c.W3CHttpResponseCodec.decode(W3CHttpResponseCodec.java:53)\r\n\tat org.openqa.selenium.remote.HttpCommandExecutor.execute(HttpCommandExecutor.java:184)\r\n\tat org.openqa.selenium.remote.service.DriverCommandExecutor.invokeExecute(DriverCommandExecutor.java:167)\r\n\tat org.openqa.selenium.remote.service.DriverCommandExecutor.execute(DriverCommandExecutor.java:142)\r\n\tat org.openqa.selenium.remote.RemoteWebDriver.execute(RemoteWebDriver.java:547)\r\n\tat org.openqa.selenium.remote.RemoteWebDriver.execute(RemoteWebDriver.java:602)\r\n\tat org.openqa.selenium.remote.RemoteWebDriver.execute(RemoteWebDriver.java:606)\r\n\tat org.openqa.selenium.remote.RemoteWebDriver$RemoteWebDriverOptions$RemoteWindow.maximize(RemoteWebDriver.java:958)\r\n\tat utilities.Driver.getDriver(Driver.java:49)\r\n\tat pages.AutomationExercisePage.<init>(AutomationExercisePage.java:10)\r\n\tat stepdefinitions.AutomationExerciseStepDefinitions.<init>(AutomationExerciseStepDefinitions.java:12)\r\n\t... 51 more\r\n","duration":31446100,"status":"failed"},"line":5,"name":"Kullanici \"myUrl\" sayfasina gider","match":{"arguments":[{"val":"\"myUrl\"","offset":10}],"location":"stepdefinitions.AutomationExerciseStepDefinitions.kullanici_sayfasina_gider(java.lang.String)"},"keyword":"Given "},{"result":{"status":"skipped"},"line":6,"name":"Kullanici demy sayfasinda Signup linkine tiklar","match":{"location":"stepdefinitions.QualityDemySignupStepDefinitions.kullanici_demy_sayfasinda_signup_linkine_tiklar()"},"keyword":"Then "},{"result":{"status":"skipped"},"line":7,"name":"Kullanici Firstname box a \"yanlisisim\" gonderir","match":{"arguments":[{"val":"\"yanlisisim\"","offset":26}],"location":"stepdefinitions.QualityDemySignupStepDefinitions.kullanici_firstname_box_a_gonderir(java.lang.String)"},"keyword":"Then "},{"result":{"status":"skipped"},"line":8,"name":"Kullanici Lastname box a \"yanlissoyisim\" gonderir","match":{"arguments":[{"val":"\"yanlissoyisim\"","offset":25}],"location":"stepdefinitions.QualityDemySignupStepDefinitions.kullanici_lastname_box_a_gonderir(java.lang.String)"},"keyword":"Then "},{"result":{"status":"skipped"},"line":9,"name":"Kullanici Email box a \"yanlismail5\" gonderir","match":{"arguments":[{"val":"\"yanlismail5\"","offset":22}],"location":"stepdefinitions.QualityDemySignupStepDefinitions.kullanici_email_box_a_gonderir(java.lang.String)"},"keyword":"Then "},{"result":{"status":"skipped"},"line":10,"name":"Kullanici Password box a \"yanlispassword5\" gonderir","match":{"arguments":[{"val":"\"yanlispassword5\"","offset":25}],"location":"stepdefinitions.QualityDemySignupStepDefinitions.kullanici_password_box_a_gonderir(java.lang.String)"},"keyword":"Then "},{"result":{"status":"skipped"},"line":11,"name":"Kullanici demy sayfasinda Signup Butonuna tiklar","match":{"location":"stepdefinitions.QualityDemySignupStepDefinitions.kullanici_demy_sayfasinda_signup_butonuna_tiklar()"},"keyword":"Then "},{"result":{"status":"skipped"},"line":12,"name":"Kullanici uye hesabi olusturmadigini test eder","match":{"location":"stepdefinitions.QualityDemySignupStepDefinitions.kullanici_uye_hesabi_olusturmadigini_test_eder()"},"keyword":"Then "},{"result":{"status":"skipped"},"line":13,"name":"Sayfayi kapatir","match":{"location":"stepdefinitions.QualityDemyStepDefinitions.sayfayi_kapatir()"},"keyword":"And "}],"tags":[{"name":"@US1114"}]},{"start_timestamp":"2022-12-09T22:03:04.328Z","line":26,"name":"Kullanici yanlis formatta bilgiler girdiginde uyelik hesabi olusturamamali","description":"","id":"us1114-signup-testi;kullanici-yanlis-formatta-bilgiler-girdiginde-uyelik-hesabi-olusturamamali;;12","type":"scenario","keyword":"Scenario Outline","steps":[{"result":{"error_message":"io.cucumber.core.exception.CucumberException: Failed to instantiate class stepdefinitions.AutomationExerciseStepDefinitions\r\n\tat io.cucumber.core.backend.DefaultObjectFactory.cacheNewInstance(DefaultObjectFactory.java:67)\r\n\tat io.cucumber.core.backend.DefaultObjectFactory.getInstance(DefaultObjectFactory.java:45)\r\n\tat io.cucumber.java.AbstractGlueDefinition.invokeMethod(AbstractGlueDefinition.java:47)\r\n\tat io.cucumber.java.JavaStepDefinition.execute(JavaStepDefinition.java:29)\r\n\tat io.cucumber.core.runner.CoreStepDefinition.execute(CoreStepDefinition.java:66)\r\n\tat io.cucumber.core.runner.PickleStepDefinitionMatch.runStep(PickleStepDefinitionMatch.java:63)\r\n\tat io.cucumber.core.runner.ExecutionMode$1.execute(ExecutionMode.java:10)\r\n\tat io.cucumber.core.runner.TestStep.executeStep(TestStep.java:85)\r\n\tat io.cucumber.core.runner.TestStep.run(TestStep.java:57)\r\n\tat io.cucumber.core.runner.PickleStepTestStep.run(PickleStepTestStep.java:51)\r\n\tat io.cucumber.core.runner.TestCase.run(TestCase.java:84)\r\n\tat io.cucumber.core.runner.Runner.runPickle(Runner.java:75)\r\n\tat io.cucumber.junit.PickleRunners$NoStepDescriptions.lambda$run$0(PickleRunners.java:151)\r\n\tat io.cucumber.core.runtime.CucumberExecutionContext.lambda$runTestCase$5(CucumberExecutionContext.java:129)\r\n\tat io.cucumber.core.runtime.RethrowingThrowableCollector.executeAndThrow(RethrowingThrowableCollector.java:23)\r\n\tat io.cucumber.core.runtime.CucumberExecutionContext.runTestCase(CucumberExecutionContext.java:129)\r\n\tat io.cucumber.junit.PickleRunners$NoStepDescriptions.run(PickleRunners.java:148)\r\n\tat io.cucumber.junit.FeatureRunner.runChild(FeatureRunner.java:144)\r\n\tat io.cucumber.junit.FeatureRunner.runChild(FeatureRunner.java:28)\r\n\tat org.junit.runners.ParentRunner$4.run(ParentRunner.java:331)\r\n\tat org.junit.runners.ParentRunner$1.schedule(ParentRunner.java:79)\r\n\tat org.junit.runners.ParentRunner.runChildren(ParentRunner.java:329)\r\n\tat org.junit.runners.ParentRunner.access$100(ParentRunner.java:66)\r\n\tat org.junit.runners.ParentRunner$2.evaluate(ParentRunner.java:293)\r\n\tat org.junit.runners.ParentRunner$3.evaluate(ParentRunner.java:306)\r\n\tat org.junit.runners.ParentRunner.run(ParentRunner.java:413)\r\n\tat io.cucumber.junit.FeatureRunner.run(FeatureRunner.java:137)\r\n\tat io.cucumber.junit.Cucumber.runChild(Cucumber.java:196)\r\n\tat io.cucumber.junit.Cucumber.runChild(Cucumber.java:89)\r\n\tat org.junit.runners.ParentRunner$4.run(ParentRunner.java:331)\r\n\tat org.junit.runners.ParentRunner$1.schedule(ParentRunner.java:79)\r\n\tat org.junit.runners.ParentRunner.runChildren(ParentRunner.java:329)\r\n\tat org.junit.runners.ParentRunner.access$100(ParentRunner.java:66)\r\n\tat org.junit.runners.ParentRunner$2.evaluate(ParentRunner.java:293)\r\n\tat io.cucumber.junit.Cucumber$RunBeforeAllHooks.evaluate(Cucumber.java:266)\r\n\tat io.cucumber.junit.Cucumber$RunAfterAllHooks.evaluate(Cucumber.java:281)\r\n\tat io.cucumber.junit.Cucumber$StartTestRun.evaluate(Cucumber.java:233)\r\n\tat io.cucumber.junit.Cucumber$FinishTestRun.evaluate(Cucumber.java:248)\r\n\tat org.junit.runners.ParentRunner$3.evaluate(ParentRunner.java:306)\r\n\tat org.junit.runners.ParentRunner.run(ParentRunner.java:413)\r\n\tat org.junit.runner.JUnitCore.run(JUnitCore.java:137)\r\n\tat com.intellij.junit4.JUnit4IdeaTestRunner.startRunnerWithArgs(JUnit4IdeaTestRunner.java:69)\r\n\tat com.intellij.rt.junit.IdeaTestRunner$Repeater$1.execute(IdeaTestRunner.java:38)\r\n\tat com.intellij.rt.execution.junit.TestsRepeater.repeat(TestsRepeater.java:11)\r\n\tat com.intellij.rt.junit.IdeaTestRunner$Repeater.startRunnerWithArgs(IdeaTestRunner.java:35)\r\n\tat com.intellij.rt.junit.JUnitStarter.prepareStreamsAndStart(JUnitStarter.java:235)\r\n\tat com.intellij.rt.junit.JUnitStarter.main(JUnitStarter.java:54)\r\nCaused by: java.lang.reflect.InvocationTargetException\r\n\tat java.base/jdk.internal.reflect.NativeConstructorAccessorImpl.newInstance0(Native Method)\r\n\tat java.base/jdk.internal.reflect.NativeConstructorAccessorImpl.newInstance(NativeConstructorAccessorImpl.java:62)\r\n\tat java.base/jdk.internal.reflect.DelegatingConstructorAccessorImpl.newInstance(DelegatingConstructorAccessorImpl.java:45)\r\n\tat java.base/java.lang.reflect.Constructor.newInstance(Constructor.java:490)\r\n\tat io.cucumber.core.backend.DefaultObjectFactory.cacheNewInstance(DefaultObjectFactory.java:53)\r\n\t... 46 more\r\nCaused by: org.openqa.selenium.NoSuchWindowException: no such window: target window already closed\nfrom unknown error: web view not found\n  (Session info: chrome=108.0.5359.98)\nBuild info: version: '4.5.0', revision: 'fe167b119a'\nSystem info: os.name: 'Windows 10', os.arch: 'amd64', os.version: '10.0', java.version: '11.0.16.1'\nDriver info: org.openqa.selenium.chrome.ChromeDriver\nCommand: [88a8b82bae782a0330eb6a46eeba64b3, maximizeCurrentWindow {}]\nCapabilities {acceptInsecureCerts: false, browserName: chrome, browserVersion: 108.0.5359.98, chrome: {chromedriverVersion: 108.0.5359.71 (1e0e3868ee06..., userDataDir: C:\\Users\\Nuray\\AppData\\Loca...}, goog:chromeOptions: {debuggerAddress: localhost:56471}, networkConnectionEnabled: false, pageLoadStrategy: normal, platformName: WINDOWS, proxy: Proxy(), se:cdp: ws://localhost:56471/devtoo..., se:cdpVersion: 108.0.5359.98, setWindowRect: true, strictFileInteractability: false, timeouts: {implicit: 0, pageLoad: 300000, script: 30000}, unhandledPromptBehavior: dismiss and notify, webauthn:extension:credBlob: true, webauthn:extension:largeBlob: true, webauthn:virtualAuthenticators: true}\nSession ID: 88a8b82bae782a0330eb6a46eeba64b3\r\n\tat java.base/jdk.internal.reflect.NativeConstructorAccessorImpl.newInstance0(Native Method)\r\n\tat java.base/jdk.internal.reflect.NativeConstructorAccessorImpl.newInstance(NativeConstructorAccessorImpl.java:62)\r\n\tat java.base/jdk.internal.reflect.DelegatingConstructorAccessorImpl.newInstance(DelegatingConstructorAccessorImpl.java:45)\r\n\tat java.base/java.lang.reflect.Constructor.newInstance(Constructor.java:490)\r\n\tat org.openqa.selenium.remote.codec.w3c.W3CHttpResponseCodec.createException(W3CHttpResponseCodec.java:200)\r\n\tat org.openqa.selenium.remote.codec.w3c.W3CHttpResponseCodec.decode(W3CHttpResponseCodec.java:133)\r\n\tat org.openqa.selenium.remote.codec.w3c.W3CHttpResponseCodec.decode(W3CHttpResponseCodec.java:53)\r\n\tat org.openqa.selenium.remote.HttpCommandExecutor.execute(HttpCommandExecutor.java:184)\r\n\tat org.openqa.selenium.remote.service.DriverCommandExecutor.invokeExecute(DriverCommandExecutor.java:167)\r\n\tat org.openqa.selenium.remote.service.DriverCommandExecutor.execute(DriverCommandExecutor.java:142)\r\n\tat org.openqa.selenium.remote.RemoteWebDriver.execute(RemoteWebDriver.java:547)\r\n\tat org.openqa.selenium.remote.RemoteWebDriver.execute(RemoteWebDriver.java:602)\r\n\tat org.openqa.selenium.remote.RemoteWebDriver.execute(RemoteWebDriver.java:606)\r\n\tat org.openqa.selenium.remote.RemoteWebDriver$RemoteWebDriverOptions$RemoteWindow.maximize(RemoteWebDriver.java:958)\r\n\tat utilities.Driver.getDriver(Driver.java:49)\r\n\tat pages.AutomationExercisePage.<init>(AutomationExercisePage.java:10)\r\n\tat stepdefinitions.AutomationExerciseStepDefinitions.<init>(AutomationExerciseStepDefinitions.java:12)\r\n\t... 51 more\r\n","duration":25920400,"status":"failed"},"line":5,"name":"Kullanici \"myUrl\" sayfasina gider","match":{"arguments":[{"val":"\"myUrl\"","offset":10}],"location":"stepdefinitions.AutomationExerciseStepDefinitions.kullanici_sayfasina_gider(java.lang.String)"},"keyword":"Given "},{"result":{"status":"skipped"},"line":6,"name":"Kullanici demy sayfasinda Signup linkine tiklar","match":{"location":"stepdefinitions.QualityDemySignupStepDefinitions.kullanici_demy_sayfasinda_signup_linkine_tiklar()"},"keyword":"Then "},{"result":{"duration":3978300,"status":"skipped"},"line":7,"name":"Kullanici Firstname box a \"yanlisisim\" gonderir","match":{"arguments":[{"val":"\"yanlisisim\"","offset":26}],"location":"stepdefinitions.QualityDemySignupStepDefinitions.kullanici_firstname_box_a_gonderir(java.lang.String)"},"keyword":"Then "},{"result":{"status":"skipped"},"line":8,"name":"Kullanici Lastname box a \"dogrusoyisim\" gonderir","match":{"arguments":[{"val":"\"dogrusoyisim\"","offset":25}],"location":"stepdefinitions.QualityDemySignupStepDefinitions.kullanici_lastname_box_a_gonderir(java.lang.String)"},"keyword":"Then "},{"result":{"status":"skipped"},"line":9,"name":"Kullanici Email box a \"dogruemail\" gonderir","match":{"arguments":[{"val":"\"dogruemail\"","offset":22}],"location":"stepdefinitions.QualityDemySignupStepDefinitions.kullanici_email_box_a_gonderir(java.lang.String)"},"keyword":"Then "},{"result":{"status":"skipped"},"line":10,"name":"Kullanici Password box a \"yanlispassword4\" gonderir","match":{"arguments":[{"val":"\"yanlispassword4\"","offset":25}],"location":"stepdefinitions.QualityDemySignupStepDefinitions.kullanici_password_box_a_gonderir(java.lang.String)"},"keyword":"Then "},{"result":{"status":"skipped"},"line":11,"name":"Kullanici demy sayfasinda Signup Butonuna tiklar","match":{"location":"stepdefinitions.QualityDemySignupStepDefinitions.kullanici_demy_sayfasinda_signup_butonuna_tiklar()"},"keyword":"Then "},{"result":{"status":"skipped"},"line":12,"name":"Kullanici uye hesabi olusturmadigini test eder","match":{"location":"stepdefinitions.QualityDemySignupStepDefinitions.kullanici_uye_hesabi_olusturmadigini_test_eder()"},"keyword":"Then "},{"result":{"status":"skipped"},"line":13,"name":"Sayfayi kapatir","match":{"location":"stepdefinitions.QualityDemyStepDefinitions.sayfayi_kapatir()"},"keyword":"And "}],"tags":[{"name":"@US1114"}]}],"name":"US1114 Signup Testi","description":"","id":"us1114-signup-testi","keyword":"Feature","uri":"file:src/test/resources/features/US1114_QualityDemySignUp.feature","tags":[]}]